[2020-02-24 13:28:09.842 WARN  1102]
Compiler execution failed (exit code: 1).
[2020-02-24 13:28:09.842 WARN  20667]
Compiler Output:
[INFO] Scanning for projects...
Downloading from central: https://repo.maven.apache.org/maven2/org/springframework/boot/spring-boot-starter-parent/1.5.10.RELEASE/spring-boot-starter-parent-1.5.10.RELEASE.pom
Progress (1): 2.2/7.5 kBProgress (1): 5.0/7.5 kBProgress (1): 7.5 kB                        Downloaded from central: https://repo.maven.apache.org/maven2/org/springframework/boot/spring-boot-starter-parent/1.5.10.RELEASE/spring-boot-starter-parent-1.5.10.RELEASE.pom (7.5 kB at 27 kB/s)
Downloading from central: https://repo.maven.apache.org/maven2/org/springframework/boot/spring-boot-dependencies/1.5.10.RELEASE/spring-boot-dependencies-1.5.10.RELEASE.pom
Progress (1): 2.2/102 kBProgress (1): 5.0/102 kBProgress (1): 7.8/102 kBProgress (1): 11/102 kB Progress (1): 13/102 kBProgress (1): 16/102 kBProgress (1): 19/102 kBProgress (1): 21/102 kBProgress (1): 24/102 kBProgress (1): 27/102 kBProgress (1): 30/102 kBProgress (1): 32/102 kBProgress (1): 36/102 kBProgress (1): 40/102 kBProgress (1): 45/102 kBProgress (1): 49/102 kBProgress (1): 53/102 kBProgress (1): 57/102 kBProgress (1): 61/102 kBProgress (1): 65/102 kBProgress (1): 69/102 kBProgress (1): 73/102 kBProgress (1): 77/102 kBProgress (1): 81/102 kBProgress (1): 85/102 kBProgress (1): 90/102 kBProgress (1): 94/102 kBProgress (1): 98/102 kBProgress (1): 102/102 kBProgress (1): 102 kB                        Downloaded from central: https://repo.maven.apache.org/maven2/org/springframework/boot/spring-boot-dependencies/1.5.10.RELEASE/spring-boot-dependencies-1.5.10.RELEASE.pom (102 kB at 1.7 MB/s)
Downloading from central: https://repo.maven.apache.org/maven2/com/fasterxml/jackson/jackson-bom/2.8.10/jackson-bom-2.8.10.pom
Progress (1): 4.1/10 kBProgress (1): 7.7/10 kBProgress (1): 10 kB                       Downloaded from central: https://repo.maven.apache.org/maven2/com/fasterxml/jackson/jackson-bom/2.8.10/jackson-bom-2.8.10.pom (10 kB at 417 kB/s)
Downloading from central: https://repo.maven.apache.org/maven2/com/fasterxml/jackson/jackson-parent/2.8/jackson-parent-2.8.pom
Progress (1): 4.1/8.0 kBProgress (1): 7.7/8.0 kBProgress (1): 8.0 kB                        Downloaded from central: https://repo.maven.apache.org/maven2/com/fasterxml/jackson/jackson-parent/2.8/jackson-parent-2.8.pom (8.0 kB at 531 kB/s)
Downloading from central: https://repo.maven.apache.org/maven2/com/fasterxml/oss-parent/27/oss-parent-27.pom
Progress (1): 4.1/20 kBProgress (1): 7.7/20 kBProgress (1): 12/20 kB Progress (1): 16/20 kBProgress (1): 20 kB                      Downloaded from central: https://repo.maven.apache.org/maven2/com/fasterxml/oss-parent/27/oss-parent-27.pom (20 kB at 1.2 MB/s)
Downloading from central: https://repo.maven.apache.org/maven2/org/apache/logging/log4j/log4j-bom/2.7/log4j-bom-2.7.pom
Progress (1): 2.2/5.4 kBProgress (1): 5.0/5.4 kBProgress (1): 5.4 kB                        Downloaded from central: https://repo.maven.apache.org/maven2/org/apache/logging/log4j/log4j-bom/2.7/log4j-bom-2.7.pom (5.4 kB at 357 kB/s)
Downloading from central: https://repo.maven.apache.org/maven2/org/apache/apache/9/apache-9.pom
Progress (1): 2.2/15 kBProgress (1): 5.0/15 kBProgress (1): 7.8/15 kBProgress (1): 11/15 kB Progress (1): 13/15 kBProgress (1): 15 kB                      Downloaded from central: https://repo.maven.apache.org/maven2/org/apache/apache/9/apache-9.pom (15 kB at 1.0 MB/s)
Downloading from central: https://repo.maven.apache.org/maven2/org/springframework/spring-framework-bom/4.3.14.RELEASE/spring-framework-bom-4.3.14.RELEASE.pom
Progress (1): 2.2/5.1 kBProgress (1): 5.0/5.1 kBProgress (1): 5.1 kB                        Downloaded from central: https://repo.maven.apache.org/maven2/org/springframework/spring-framework-bom/4.3.14.RELEASE/spring-framework-bom-4.3.14.RELEASE.pom (5.1 kB at 512 kB/s)
Downloading from central: https://repo.maven.apache.org/maven2/org/springframework/data/spring-data-releasetrain/Ingalls-SR10/spring-data-releasetrain-Ingalls-SR10.pom
Progress (1): 2.2/4.6 kBProgress (1): 4.6 kB                        Downloaded from central: https://repo.maven.apache.org/maven2/org/springframework/data/spring-data-releasetrain/Ingalls-SR10/spring-data-releasetrain-Ingalls-SR10.pom (4.6 kB at 288 kB/s)
Downloading from central: https://repo.maven.apache.org/maven2/org/springframework/data/build/spring-data-build/1.9.10.RELEASE/spring-data-build-1.9.10.RELEASE.pom
Progress (1): 2.2/6.4 kBProgress (1): 5.0/6.4 kBProgress (1): 6.4 kB                        Downloaded from central: https://repo.maven.apache.org/maven2/org/springframework/data/build/spring-data-build/1.9.10.RELEASE/spring-data-build-1.9.10.RELEASE.pom (6.4 kB at 403 kB/s)
Downloading from central: https://repo.maven.apache.org/maven2/org/springframework/integration/spring-integration-bom/4.3.14.RELEASE/spring-integration-bom-4.3.14.RELEASE.pom
Progress (1): 2.8/8.5 kBProgress (1): 5.5/8.5 kBProgress (1): 8.3/8.5 kBProgress (1): 8.5 kB                        Downloaded from central: https://repo.maven.apache.org/maven2/org/springframework/integration/spring-integration-bom/4.3.14.RELEASE/spring-integration-bom-4.3.14.RELEASE.pom (8.5 kB at 266 kB/s)
Downloading from central: https://repo.maven.apache.org/maven2/org/springframework/security/spring-security-bom/4.2.4.RELEASE/spring-security-bom-4.2.4.RELEASE.pom
Progress (1): 2.3/4.3 kBProgress (1): 4.3 kB                        Downloaded from central: https://repo.maven.apache.org/maven2/org/springframework/security/spring-security-bom/4.2.4.RELEASE/spring-security-bom-4.2.4.RELEASE.pom (4.3 kB at 271 kB/s)
Downloading from central: https://repo.maven.apache.org/maven2/com/fortify/sca/plugins/maven/sca-maven-plugin/maven-metadata.xml
[INFO] ------------------------------------------------------------------------
[INFO] BUILD FAILURE
[INFO] ------------------------------------------------------------------------
[INFO] Total time:  1.562 s
[INFO] Finished at: 2020-02-24T13:28:09Z
[INFO] ------------------------------------------------------------------------
[ERROR] Error resolving version for plugin 'com.fortify.sca.plugins.maven:sca-maven-plugin' from the repositories [local (C:\Windows\system32\config\systemprofile\.m2\repository), central (https://repo.maven.apache.org/maven2)]: Plugin not found in any plugin repository -> [Help 1]
[ERROR] 
[ERROR] To see the full stack trace of the errors, re-run Maven with the -e switch.
[ERROR] Re-run Maven using the -X switch to enable full debug logging.
[ERROR] 
[ERROR] For more information about the errors and possible solutions, please read the following articles:
[ERROR] [Help 1] http://cwiki.apache.org/confluence/display/MAVEN/PluginVersionResolutionException


[2020-02-24 13:28:09.874 WARN  20213]
exit(1)
[2020-02-24 13:39:06.865 ERROR 204]
Unrecognized or invalid command line argument 'sca:clean'
[2020-02-24 13:39:06.881 WARN  20687]
Maven Integration supports translation only. Please refer to README.txt.
[2020-02-24 13:39:06.881 WARN  20688]
SCA Maven Plugin Options:
[clean, sca:clean, sca:translate, sca:scan]
[2020-02-24 13:39:08.912 WARN  1102]
Compiler execution failed (exit code: 1).
[2020-02-24 13:39:08.913 WARN  20667]
Compiler Output:
[INFO] Scanning for projects...
[INFO] ------------------------------------------------------------------------
[INFO] BUILD FAILURE
[INFO] ------------------------------------------------------------------------
[INFO] Total time:  0.447 s
[INFO] Finished at: 2020-02-24T13:39:08Z
[INFO] ------------------------------------------------------------------------
[ERROR] No goals have been specified for this build. You must specify a valid lifecycle phase or a goal in the format <plugin-prefix>:<goal> or <plugin-group-id>:<plugin-artifact-id>[:<plugin-version>]:<goal>. Available lifecycle phases are: validate, initialize, generate-sources, process-sources, generate-resources, process-resources, compile, process-classes, generate-test-sources, process-test-sources, generate-test-resources, process-test-resources, test-compile, process-test-classes, test, prepare-package, package, pre-integration-test, integration-test, post-integration-test, verify, install, deploy, pre-clean, clean, post-clean, pre-site, site, post-site, site-deploy. -> [Help 1]
[ERROR] 
[ERROR] To see the full stack trace of the errors, re-run Maven with the -e switch.
[ERROR] Re-run Maven using the -X switch to enable full debug logging.
[ERROR] 
[ERROR] For more information about the errors and possible solutions, please read the following articles:
[ERROR] [Help 1] http://cwiki.apache.org/confluence/display/MAVEN/NoGoalSpecifiedException


[2020-02-24 13:39:08.939 WARN  20213]
exit(1)
[2020-02-24 13:40:08.133 ERROR 204]
Unrecognized or invalid command line argument 'sca:clean'
[2020-02-24 13:40:08.133 WARN  20687]
Maven Integration supports translation only. Please refer to README.txt.
[2020-02-24 13:40:08.133 WARN  20688]
SCA Maven Plugin Options:
[sca:clean, sca:translate, sca:scan]
[2020-02-24 13:40:10.148 WARN  1102]
Compiler execution failed (exit code: 1).
[2020-02-24 13:40:10.148 WARN  20667]
Compiler Output:
[INFO] Scanning for projects...
[INFO] ------------------------------------------------------------------------
[INFO] BUILD FAILURE
[INFO] ------------------------------------------------------------------------
[INFO] Total time:  0.203 s
[INFO] Finished at: 2020-02-24T13:40:09Z
[INFO] ------------------------------------------------------------------------
[ERROR] No goals have been specified for this build. You must specify a valid lifecycle phase or a goal in the format <plugin-prefix>:<goal> or <plugin-group-id>:<plugin-artifact-id>[:<plugin-version>]:<goal>. Available lifecycle phases are: validate, initialize, generate-sources, process-sources, generate-resources, process-resources, compile, process-classes, generate-test-sources, process-test-sources, generate-test-resources, process-test-resources, test-compile, process-test-classes, test, prepare-package, package, pre-integration-test, integration-test, post-integration-test, verify, install, deploy, pre-clean, clean, post-clean, pre-site, site, post-site, site-deploy. -> [Help 1]
[ERROR] 
[ERROR] To see the full stack trace of the errors, re-run Maven with the -e switch.
[ERROR] Re-run Maven using the -X switch to enable full debug logging.
[ERROR] 
[ERROR] For more information about the errors and possible solutions, please read the following articles:
[ERROR] [Help 1] http://cwiki.apache.org/confluence/display/MAVEN/NoGoalSpecifiedException


[2020-02-24 13:40:10.164 WARN  20213]
exit(1)
[2020-02-24 13:40:44.712 ERROR 204]
Unrecognized or invalid command line argument 'sca:scan'
[2020-02-24 13:40:44.728 WARN  20687]
Maven Integration supports translation only. Please refer to README.txt.
[2020-02-24 13:40:44.728 WARN  20688]
SCA Maven Plugin Options:
[sca:translate, sca:scan]
[2020-02-24 13:40:46.630 WARN  1102]
Compiler execution failed (exit code: 1).
[2020-02-24 13:40:46.630 WARN  20667]
Compiler Output:
[INFO] Scanning for projects...
[INFO] ------------------------------------------------------------------------
[INFO] BUILD FAILURE
[INFO] ------------------------------------------------------------------------
[INFO] Total time:  0.203 s
[INFO] Finished at: 2020-02-24T13:40:46Z
[INFO] ------------------------------------------------------------------------
[ERROR] No goals have been specified for this build. You must specify a valid lifecycle phase or a goal in the format <plugin-prefix>:<goal> or <plugin-group-id>:<plugin-artifact-id>[:<plugin-version>]:<goal>. Available lifecycle phases are: validate, initialize, generate-sources, process-sources, generate-resources, process-resources, compile, process-classes, generate-test-sources, process-test-sources, generate-test-resources, process-test-resources, test-compile, process-test-classes, test, prepare-package, package, pre-integration-test, integration-test, post-integration-test, verify, install, deploy, pre-clean, clean, post-clean, pre-site, site, post-site, site-deploy. -> [Help 1]
[ERROR] 
[ERROR] To see the full stack trace of the errors, re-run Maven with the -e switch.
[ERROR] Re-run Maven using the -X switch to enable full debug logging.
[ERROR] 
[ERROR] For more information about the errors and possible solutions, please read the following articles:
[ERROR] [Help 1] http://cwiki.apache.org/confluence/display/MAVEN/NoGoalSpecifiedException


[2020-02-24 13:40:46.646 WARN  20213]
exit(1)
[2020-02-24 13:41:32.213 WARN  1102]
Compiler execution failed (exit code: 1).
[2020-02-24 13:41:32.213 WARN  20667]
Compiler Output:
[INFO] Scanning for projects...
Downloading from central: https://repo.maven.apache.org/maven2/org/apache/maven/plugins/maven-help-plugin/2.2/maven-help-plugin-2.2.pom
Progress (1): 2.2/8.7 kBProgress (1): 5.0/8.7 kBProgress (1): 7.8/8.7 kBProgress (1): 8.7 kB                        Downloaded from central: https://repo.maven.apache.org/maven2/org/apache/maven/plugins/maven-help-plugin/2.2/maven-help-plugin-2.2.pom (8.7 kB at 25 kB/s)
Downloading from central: https://repo.maven.apache.org/maven2/org/apache/maven/plugins/maven-plugins/24/maven-plugins-24.pom
Progress (1): 2.2/11 kBProgress (1): 5.0/11 kBProgress (1): 7.8/11 kBProgress (1): 11/11 kB Progress (1): 11 kB                      Downloaded from central: https://repo.maven.apache.org/maven2/org/apache/maven/plugins/maven-plugins/24/maven-plugins-24.pom (11 kB at 235 kB/s)
Downloading from central: https://repo.maven.apache.org/maven2/org/apache/maven/maven-parent/23/maven-parent-23.pom
Progress (1): 2.2/33 kBProgress (1): 5.0/33 kBProgress (1): 7.8/33 kBProgress (1): 11/33 kB Progress (1): 13/33 kBProgress (1): 16/33 kBProgress (1): 19/33 kBProgress (1): 21/33 kBProgress (1): 24/33 kBProgress (1): 27/33 kBProgress (1): 30/33 kBProgress (1): 32/33 kBProgress (1): 33 kB                      Downloaded from central: https://repo.maven.apache.org/maven2/org/apache/maven/maven-parent/23/maven-parent-23.pom (33 kB at 758 kB/s)
Downloading from central: https://repo.maven.apache.org/maven2/org/apache/apache/13/apache-13.pom
Progress (1): 2.2/14 kBProgress (1): 5.0/14 kBProgress (1): 7.8/14 kBProgress (1): 11/14 kB Progress (1): 13/14 kBProgress (1): 14 kB                      Downloaded from central: https://repo.maven.apache.org/maven2/org/apache/apache/13/apache-13.pom (14 kB at 411 kB/s)
Downloading from central: https://repo.maven.apache.org/maven2/org/apache/maven/plugins/maven-help-plugin/2.2/maven-help-plugin-2.2.jar
Progress (1): 2.2/68 kBProgress (1): 5.0/68 kBProgress (1): 7.7/68 kBProgress (1): 10/68 kB Progress (1): 13/68 kBProgress (1): 16/68 kBProgress (1): 19/68 kBProgress (1): 21/68 kBProgress (1): 24/68 kBProgress (1): 27/68 kBProgress (1): 30/68 kBProgress (1): 32/68 kBProgress (1): 36/68 kBProgress (1): 40/68 kBProgress (1): 45/68 kBProgress (1): 49/68 kBProgress (1): 53/68 kBProgress (1): 57/68 kBProgress (1): 61/68 kBProgress (1): 65/68 kBProgress (1): 68 kB                      Downloaded from central: https://repo.maven.apache.org/maven2/org/apache/maven/plugins/maven-help-plugin/2.2/maven-help-plugin-2.2.jar (68 kB at 1.7 MB/s)
Downloading from central: https://repo.maven.apache.org/maven2/org/codehaus/mojo/xml-maven-plugin/1.0/xml-maven-plugin-1.0.pom
Progress (1): 2.2/7.3 kBProgress (1): 5.0/7.3 kBProgress (1): 7.3 kB                        Downloaded from central: https://repo.maven.apache.org/maven2/org/codehaus/mojo/xml-maven-plugin/1.0/xml-maven-plugin-1.0.pom (7.3 kB at 243 kB/s)
Downloading from central: https://repo.maven.apache.org/maven2/org/codehaus/mojo/mojo-parent/28/mojo-parent-28.pom
Progress (1): 2.8/26 kBProgress (1): 5.5/26 kBProgress (1): 8.3/26 kBProgress (1): 11/26 kB Progress (1): 14/26 kBProgress (1): 16/26 kBProgress (1): 19/26 kBProgress (1): 22/26 kBProgress (1): 25/26 kBProgress (1): 26 kB                      Downloaded from central: https://repo.maven.apache.org/maven2/org/codehaus/mojo/mojo-parent/28/mojo-parent-28.pom (26 kB at 755 kB/s)
Downloading from central: https://repo.maven.apache.org/maven2/org/codehaus/codehaus-parent/3/codehaus-parent-3.pom
Progress (1): 2.2/4.1 kBProgress (1): 4.1 kB                        Downloaded from central: https://repo.maven.apache.org/maven2/org/codehaus/codehaus-parent/3/codehaus-parent-3.pom (4.1 kB at 147 kB/s)
Downloading from central: https://repo.maven.apache.org/maven2/org/codehaus/mojo/xml-maven-plugin/1.0/xml-maven-plugin-1.0.jar
Progress (1): 2.2/34 kBProgress (1): 5.0/34 kBProgress (1): 7.7/34 kBProgress (1): 10/34 kB Progress (1): 13/34 kBProgress (1): 16/34 kBProgress (1): 19/34 kBProgress (1): 21/34 kBProgress (1): 24/34 kBProgress (1): 27/34 kBProgress (1): 30/34 kBProgress (1): 32/34 kBProgress (1): 34 kB                      Downloaded from central: https://repo.maven.apache.org/maven2/org/codehaus/mojo/xml-maven-plugin/1.0/xml-maven-plugin-1.0.jar (34 kB at 301 kB/s)
Downloading from central: https://repo.maven.apache.org/maven2/org/codehaus/mojo/build-helper-maven-plugin/1.10/build-helper-maven-plugin-1.10.pom
Progress (1): 2.2/5.8 kBProgress (1): 5.0/5.8 kBProgress (1): 5.8 kB                        Downloaded from central: https://repo.maven.apache.org/maven2/org/codehaus/mojo/build-helper-maven-plugin/1.10/build-helper-maven-plugin-1.10.pom (5.8 kB at 208 kB/s)
Downloading from central: https://repo.maven.apache.org/maven2/org/codehaus/mojo/mojo-parent/38/mojo-parent-38.pom
Progress (1): 2.2/33 kBProgress (1): 5.0/33 kBProgress (1): 7.8/33 kBProgress (1): 11/33 kB Progress (1): 13/33 kBProgress (1): 16/33 kBProgress (1): 19/33 kBProgress (1): 21/33 kBProgress (1): 24/33 kBProgress (1): 27/33 kBProgress (1): 30/33 kBProgress (1): 32/33 kBProgress (1): 33 kB                      Downloaded from central: https://repo.maven.apache.org/maven2/org/codehaus/mojo/mojo-parent/38/mojo-parent-38.pom (33 kB at 973 kB/s)
Downloading from central: https://repo.maven.apache.org/maven2/org/codehaus/mojo/build-helper-maven-plugin/1.10/build-helper-maven-plugin-1.10.jar
Progress (1): 2.2/51 kBProgress (1): 5.0/51 kBProgress (1): 7.7/51 kBProgress (1): 10/51 kB Progress (1): 13/51 kBProgress (1): 16/51 kBProgress (1): 19/51 kBProgress (1): 21/51 kBProgress (1): 24/51 kBProgress (1): 27/51 kBProgress (1): 30/51 kBProgress (1): 32/51 kBProgress (1): 36/51 kBProgress (1): 40/51 kBProgress (1): 45/51 kBProgress (1): 49/51 kBProgress (1): 51 kB                      Downloaded from central: https://repo.maven.apache.org/maven2/org/codehaus/mojo/build-helper-maven-plugin/1.10/build-helper-maven-plugin-1.10.jar (51 kB at 1.5 MB/s)
Downloading from central: https://repo.maven.apache.org/maven2/org/springframework/boot/spring-boot-maven-plugin/1.5.10.RELEASE/spring-boot-maven-plugin-1.5.10.RELEASE.pom
Progress (1): 2.3/6.7 kBProgress (1): 5.0/6.7 kBProgress (1): 6.7 kB                        Downloaded from central: https://repo.maven.apache.org/maven2/org/springframework/boot/spring-boot-maven-plugin/1.5.10.RELEASE/spring-boot-maven-plugin-1.5.10.RELEASE.pom (6.7 kB at 306 kB/s)
Downloading from central: https://repo.maven.apache.org/maven2/org/springframework/boot/spring-boot-tools/1.5.10.RELEASE/spring-boot-tools-1.5.10.RELEASE.pom
Progress (1): 1.3 kB                    Downloaded from central: https://repo.maven.apache.org/maven2/org/springframework/boot/spring-boot-tools/1.5.10.RELEASE/spring-boot-tools-1.5.10.RELEASE.pom (1.3 kB at 69 kB/s)
Downloading from central: https://repo.maven.apache.org/maven2/org/springframework/boot/spring-boot-parent/1.5.10.RELEASE/spring-boot-parent-1.5.10.RELEASE.pom
Progress (1): 2.3/28 kBProgress (1): 5.0/28 kBProgress (1): 7.8/28 kBProgress (1): 11/28 kB Progress (1): 13/28 kBProgress (1): 16/28 kBProgress (1): 19/28 kBProgress (1): 21/28 kBProgress (1): 24/28 kBProgress (1): 27/28 kBProgress (1): 28 kB                      Downloaded from central: https://repo.maven.apache.org/maven2/org/springframework/boot/spring-boot-parent/1.5.10.RELEASE/spring-boot-parent-1.5.10.RELEASE.pom (28 kB at 405 kB/s)
Downloading from central: https://repo.maven.apache.org/maven2/org/springframework/boot/spring-boot-maven-plugin/1.5.10.RELEASE/spring-boot-maven-plugin-1.5.10.RELEASE.jar
Progress (1): 2.2/66 kBProgress (1): 5.0/66 kBProgress (1): 7.7/66 kBProgress (1): 10/66 kB Progress (1): 13/66 kBProgress (1): 16/66 kBProgress (1): 19/66 kBProgress (1): 21/66 kBProgress (1): 24/66 kBProgress (1): 27/66 kBProgress (1): 30/66 kBProgress (1): 32/66 kBProgress (1): 36/66 kBProgress (1): 40/66 kBProgress (1): 45/66 kBProgress (1): 49/66 kBProgress (1): 53/66 kBProgress (1): 57/66 kBProgress (1): 61/66 kBProgress (1): 65/66 kBProgress (1): 66 kB                      Downloaded from central: https://repo.maven.apache.org/maven2/org/springframework/boot/spring-boot-maven-plugin/1.5.10.RELEASE/spring-boot-maven-plugin-1.5.10.RELEASE.jar (66 kB at 1.8 MB/s)
Downloading from central: https://repo.maven.apache.org/maven2/com/fortify/ps/maven/plugin/sca-maven-plugin/4.30/sca-maven-plugin-4.30.pom
[WARNING] The POM for com.fortify.ps.maven.plugin:sca-maven-plugin:jar:4.30 is missing, no dependency information available
Downloading from central: https://repo.maven.apache.org/maven2/com/fortify/ps/maven/plugin/sca-maven-plugin/4.30/sca-maven-plugin-4.30.jar
[WARNING] Failed to retrieve plugin descriptor for com.fortify.ps.maven.plugin:sca-maven-plugin:4.30: Plugin com.fortify.ps.maven.plugin:sca-maven-plugin:4.30 or one of its dependencies could not be resolved: Could not find artifact com.fortify.ps.maven.plugin:sca-maven-plugin:jar:4.30 in central (https://repo.maven.apache.org/maven2)
Downloading from central: https://repo.maven.apache.org/maven2/org/apache/maven/plugins/maven-clean-plugin/2.6.1/maven-clean-plugin-2.6.1.pom
Progress (1): 2.2/5.0 kBProgress (1): 5.0 kB                        Downloaded from central: https://repo.maven.apache.org/maven2/org/apache/maven/plugins/maven-clean-plugin/2.6.1/maven-clean-plugin-2.6.1.pom (5.0 kB at 108 kB/s)
Downloading from central: https://repo.maven.apache.org/maven2/org/apache/maven/plugins/maven-plugins/26/maven-plugins-26.pom
Progress (1): 2.3/11 kBProgress (1): 5.0/11 kBProgress (1): 7.8/11 kBProgress (1): 11/11 kB Progress (1): 11 kB                      Downloaded from central: https://repo.maven.apache.org/maven2/org/apache/maven/plugins/maven-plugins/26/maven-plugins-26.pom (11 kB at 421 kB/s)
Downloading from central: https://repo.maven.apache.org/maven2/org/apache/maven/maven-parent/25/maven-parent-25.pom
Progress (1): 2.2/37 kBProgress (1): 5.0/37 kBProgress (1): 7.8/37 kBProgress (1): 11/37 kB Progress (1): 13/37 kBProgress (1): 16/37 kBProgress (1): 19/37 kBProgress (1): 21/37 kBProgress (1): 24/37 kBProgress (1): 27/37 kBProgress (1): 30/37 kBProgress (1): 32/37 kBProgress (1): 35/37 kBProgress (1): 37 kB                      Downloaded from central: https://repo.maven.apache.org/maven2/org/apache/maven/maven-parent/25/maven-parent-25.pom (37 kB at 1.1 MB/s)
Downloading from central: https://repo.maven.apache.org/maven2/org/apache/apache/15/apache-15.pom
Progress (1): 2.2/15 kBProgress (1): 5.0/15 kBProgress (1): 7.8/15 kBProgress (1): 11/15 kB Progress (1): 13/15 kBProgress (1): 15 kB                      Downloaded from central: https://repo.maven.apache.org/maven2/org/apache/apache/15/apache-15.pom (15 kB at 435 kB/s)
Downloading from central: https://repo.maven.apache.org/maven2/org/apache/maven/plugins/maven-clean-plugin/2.6.1/maven-clean-plugin-2.6.1.jar
Progress (1): 2.2/29 kBProgress (1): 5.0/29 kBProgress (1): 7.7/29 kBProgress (1): 10/29 kB Progress (1): 13/29 kBProgress (1): 16/29 kBProgress (1): 19/29 kBProgress (1): 21/29 kBProgress (1): 24/29 kBProgress (1): 27/29 kBProgress (1): 29 kB                      Downloaded from central: https://repo.maven.apache.org/maven2/org/apache/maven/plugins/maven-clean-plugin/2.6.1/maven-clean-plugin-2.6.1.jar (29 kB at 234 kB/s)
Downloading from central: https://repo.maven.apache.org/maven2/org/apache/maven/plugins/maven-resources-plugin/2.6/maven-resources-plugin-2.6.pom
Progress (1): 2.2/8.1 kBProgress (1): 5.0/8.1 kBProgress (1): 7.8/8.1 kBProgress (1): 8.1 kB                        Downloaded from central: https://repo.maven.apache.org/maven2/org/apache/maven/plugins/maven-resources-plugin/2.6/maven-resources-plugin-2.6.pom (8.1 kB at 280 kB/s)
Downloading from central: https://repo.maven.apache.org/maven2/org/apache/maven/plugins/maven-plugins/23/maven-plugins-23.pom
Progress (1): 2.2/9.2 kBProgress (1): 5.0/9.2 kBProgress (1): 7.8/9.2 kBProgress (1): 9.2 kB                        Downloaded from central: https://repo.maven.apache.org/maven2/org/apache/maven/plugins/maven-plugins/23/maven-plugins-23.pom (9.2 kB at 317 kB/s)
Downloading from central: https://repo.maven.apache.org/maven2/org/apache/maven/maven-parent/22/maven-parent-22.pom
Progress (1): 2.2/30 kBProgress (1): 5.0/30 kBProgress (1): 7.8/30 kBProgress (1): 11/30 kB Progress (1): 13/30 kBProgress (1): 16/30 kBProgress (1): 19/30 kBProgress (1): 21/30 kBProgress (1): 24/30 kBProgress (1): 27/30 kBProgress (1): 30/30 kBProgress (1): 30 kB                      Downloaded from central: https://repo.maven.apache.org/maven2/org/apache/maven/maven-parent/22/maven-parent-22.pom (30 kB at 959 kB/s)
Downloading from central: https://repo.maven.apache.org/maven2/org/apache/apache/11/apache-11.pom
Progress (1): 2.2/15 kBProgress (1): 5.0/15 kBProgress (1): 7.8/15 kBProgress (1): 11/15 kB Progress (1): 13/15 kBProgress (1): 15 kB                      Downloaded from central: https://repo.maven.apache.org/maven2/org/apache/apache/11/apache-11.pom (15 kB at 529 kB/s)
Downloading from central: https://repo.maven.apache.org/maven2/org/apache/maven/plugins/maven-resources-plugin/2.6/maven-resources-plugin-2.6.jar
Progress (1): 2.2/30 kBProgress (1): 5.0/30 kBProgress (1): 7.7/30 kBProgress (1): 10/30 kB Progress (1): 13/30 kBProgress (1): 16/30 kBProgress (1): 19/30 kBProgress (1): 21/30 kBProgress (1): 24/30 kBProgress (1): 27/30 kBProgress (1): 30 kB                      Downloaded from central: https://repo.maven.apache.org/maven2/org/apache/maven/plugins/maven-resources-plugin/2.6/maven-resources-plugin-2.6.jar (30 kB at 295 kB/s)
Downloading from central: https://repo.maven.apache.org/maven2/org/apache/maven/plugins/maven-jar-plugin/2.6/maven-jar-plugin-2.6.pom
Progress (1): 2.2/5.9 kBProgress (1): 5.0/5.9 kBProgress (1): 5.9 kB                        Downloaded from central: https://repo.maven.apache.org/maven2/org/apache/maven/plugins/maven-jar-plugin/2.6/maven-jar-plugin-2.6.pom (5.9 kB at 218 kB/s)
Downloading from central: https://repo.maven.apache.org/maven2/org/apache/maven/plugins/maven-plugins/27/maven-plugins-27.pom
Progress (1): 2.2/11 kBProgress (1): 5.0/11 kBProgress (1): 7.8/11 kBProgress (1): 11/11 kB Progress (1): 11 kB                      Downloaded from central: https://repo.maven.apache.org/maven2/org/apache/maven/plugins/maven-plugins/27/maven-plugins-27.pom (11 kB at 421 kB/s)
Downloading from central: https://repo.maven.apache.org/maven2/org/apache/maven/maven-parent/26/maven-parent-26.pom
Progress (1): 2.2/40 kBProgress (1): 5.0/40 kBProgress (1): 7.8/40 kBProgress (1): 11/40 kB Progress (1): 13/40 kBProgress (1): 16/40 kBProgress (1): 19/40 kBProgress (1): 21/40 kBProgress (1): 24/40 kBProgress (1): 27/40 kBProgress (1): 30/40 kBProgress (1): 32/40 kBProgress (1): 35/40 kBProgress (1): 38/40 kBProgress (1): 40 kB                      Downloaded from central: https://repo.maven.apache.org/maven2/org/apache/maven/maven-parent/26/maven-parent-26.pom (40 kB at 1.2 MB/s)
Downloading from central: https://repo.maven.apache.org/maven2/org/apache/apache/16/apache-16.pom
Progress (1): 2.2/15 kBProgress (1): 5.0/15 kBProgress (1): 7.8/15 kBProgress (1): 11/15 kB Progress (1): 13/15 kBProgress (1): 15 kB                      Downloaded from central: https://repo.maven.apache.org/maven2/org/apache/apache/16/apache-16.pom (15 kB at 550 kB/s)
Downloading from central: https://repo.maven.apache.org/maven2/org/apache/maven/plugins/maven-jar-plugin/2.6/maven-jar-plugin-2.6.jar
Progress (1): 2.2/26 kBProgress (1): 5.0/26 kBProgress (1): 7.7/26 kBProgress (1): 10/26 kB Progress (1): 13/26 kBProgress (1): 16/26 kBProgress (1): 19/26 kBProgress (1): 21/26 kBProgress (1): 24/26 kBProgress (1): 26 kB                      Downloaded from central: https://repo.maven.apache.org/maven2/org/apache/maven/plugins/maven-jar-plugin/2.6/maven-jar-plugin-2.6.jar (26 kB at 302 kB/s)
Downloading from central: https://repo.maven.apache.org/maven2/org/apache/maven/plugins/maven-compiler-plugin/3.1/maven-compiler-plugin-3.1.pom
Progress (1): 2.2/10 kBProgress (1): 5.0/10 kBProgress (1): 7.8/10 kBProgress (1): 10 kB                       Downloaded from central: https://repo.maven.apache.org/maven2/org/apache/maven/plugins/maven-compiler-plugin/3.1/maven-compiler-plugin-3.1.pom (10 kB at 365 kB/s)
Downloading from central: https://repo.maven.apache.org/maven2/org/apache/maven/plugins/maven-compiler-plugin/3.1/maven-compiler-plugin-3.1.jar
Progress (1): 2.2/43 kBProgress (1): 5.0/43 kBProgress (1): 7.7/43 kBProgress (1): 10/43 kB Progress (1): 13/43 kBProgress (1): 16/43 kBProgress (1): 19/43 kBProgress (1): 21/43 kBProgress (1): 24/43 kBProgress (1): 27/43 kBProgress (1): 30/43 kBProgress (1): 32/43 kBProgress (1): 36/43 kBProgress (1): 40/43 kBProgress (1): 43 kB                      Downloaded from central: https://repo.maven.apache.org/maven2/org/apache/maven/plugins/maven-compiler-plugin/3.1/maven-compiler-plugin-3.1.jar (43 kB at 352 kB/s)
Downloading from central: https://repo.maven.apache.org/maven2/org/apache/maven/plugins/maven-surefire-plugin/2.18.1/maven-surefire-plugin-2.18.1.pom
Progress (1): 2.8/5.7 kBProgress (1): 5.5/5.7 kBProgress (1): 5.7 kB                        Downloaded from central: https://repo.maven.apache.org/maven2/org/apache/maven/plugins/maven-surefire-plugin/2.18.1/maven-surefire-plugin-2.18.1.pom (5.7 kB at 189 kB/s)
Downloading from central: https://repo.maven.apache.org/maven2/org/apache/maven/surefire/surefire/2.18.1/surefire-2.18.1.pom
Progress (1): 2.2/17 kBProgress (1): 5.0/17 kBProgress (1): 7.8/17 kBProgress (1): 11/17 kB Progress (1): 13/17 kBProgress (1): 16/17 kBProgress (1): 17 kB                      Downloaded from central: https://repo.maven.apache.org/maven2/org/apache/maven/surefire/surefire/2.18.1/surefire-2.18.1.pom (17 kB at 442 kB/s)
Downloading from central: https://repo.maven.apache.org/maven2/org/apache/maven/plugins/maven-surefire-plugin/2.18.1/maven-surefire-plugin-2.18.1.jar
Progress (1): 2.2/37 kBProgress (1): 5.0/37 kBProgress (1): 7.7/37 kBProgress (1): 10/37 kB Progress (1): 13/37 kBProgress (1): 16/37 kBProgress (1): 19/37 kBProgress (1): 21/37 kBProgress (1): 24/37 kBProgress (1): 27/37 kBProgress (1): 30/37 kBProgress (1): 32/37 kBProgress (1): 35/37 kBProgress (1): 37 kB                      Downloaded from central: https://repo.maven.apache.org/maven2/org/apache/maven/plugins/maven-surefire-plugin/2.18.1/maven-surefire-plugin-2.18.1.jar (37 kB at 435 kB/s)
Downloading from central: https://repo.maven.apache.org/maven2/org/apache/maven/plugins/maven-install-plugin/2.5.2/maven-install-plugin-2.5.2.pom
Progress (1): 2.2/6.4 kBProgress (1): 5.0/6.4 kBProgress (1): 6.4 kB                        Downloaded from central: https://repo.maven.apache.org/maven2/org/apache/maven/plugins/maven-install-plugin/2.5.2/maven-install-plugin-2.5.2.pom (6.4 kB at 238 kB/s)
Downloading from central: https://repo.maven.apache.org/maven2/org/apache/maven/plugins/maven-plugins/25/maven-plugins-25.pom
Progress (1): 2.8/9.6 kBProgress (1): 5.5/9.6 kBProgress (1): 8.3/9.6 kBProgress (1): 9.6 kB                        Downloaded from central: https://repo.maven.apache.org/maven2/org/apache/maven/plugins/maven-plugins/25/maven-plugins-25.pom (9.6 kB at 367 kB/s)
Downloading from central: https://repo.maven.apache.org/maven2/org/apache/maven/maven-parent/24/maven-parent-24.pom
Progress (1): 2.2/37 kBProgress (1): 5.0/37 kBProgress (1): 7.8/37 kBProgress (1): 11/37 kB Progress (1): 13/37 kBProgress (1): 16/37 kBProgress (1): 19/37 kBProgress (1): 21/37 kBProgress (1): 24/37 kBProgress (1): 27/37 kBProgress (1): 30/37 kBProgress (1): 32/37 kBProgress (1): 35/37 kBProgress (1): 37 kB                      Downloaded from central: https://repo.maven.apache.org/maven2/org/apache/maven/maven-parent/24/maven-parent-24.pom (37 kB at 1.2 MB/s)
Downloading from central: https://repo.maven.apache.org/maven2/org/apache/apache/14/apache-14.pom
Progress (1): 2.2/15 kBProgress (1): 5.0/15 kBProgress (1): 7.8/15 kBProgress (1): 11/15 kB Progress (1): 13/15 kBProgress (1): 15 kB                      Downloaded from central: https://repo.maven.apache.org/maven2/org/apache/apache/14/apache-14.pom (15 kB at 544 kB/s)
Downloading from central: https://repo.maven.apache.org/maven2/org/apache/maven/plugins/maven-install-plugin/2.5.2/maven-install-plugin-2.5.2.jar
Progress (1): 2.2/33 kBProgress (1): 5.0/33 kBProgress (1): 7.7/33 kBProgress (1): 10/33 kB Progress (1): 13/33 kBProgress (1): 16/33 kBProgress (1): 19/33 kBProgress (1): 21/33 kBProgress (1): 24/33 kBProgress (1): 27/33 kBProgress (1): 30/33 kBProgress (1): 32/33 kBProgress (1): 33 kB                      Downloaded from central: https://repo.maven.apache.org/maven2/org/apache/maven/plugins/maven-install-plugin/2.5.2/maven-install-plugin-2.5.2.jar (33 kB at 322 kB/s)
Downloading from central: https://repo.maven.apache.org/maven2/org/apache/maven/plugins/maven-deploy-plugin/2.8.2/maven-deploy-plugin-2.8.2.pom
Progress (1): 2.2/7.1 kBProgress (1): 5.0/7.1 kBProgress (1): 7.1 kB                        Downloaded from central: https://repo.maven.apache.org/maven2/org/apache/maven/plugins/maven-deploy-plugin/2.8.2/maven-deploy-plugin-2.8.2.pom (7.1 kB at 286 kB/s)
Downloading from central: https://repo.maven.apache.org/maven2/org/apache/maven/plugins/maven-deploy-plugin/2.8.2/maven-deploy-plugin-2.8.2.jar
Progress (1): 2.2/34 kBProgress (1): 5.0/34 kBProgress (1): 7.7/34 kBProgress (1): 10/34 kB Progress (1): 13/34 kBProgress (1): 16/34 kBProgress (1): 19/34 kBProgress (1): 21/34 kBProgress (1): 24/34 kBProgress (1): 27/34 kBProgress (1): 30/34 kBProgress (1): 32/34 kBProgress (1): 34 kB                      Downloaded from central: https://repo.maven.apache.org/maven2/org/apache/maven/plugins/maven-deploy-plugin/2.8.2/maven-deploy-plugin-2.8.2.jar (34 kB at 359 kB/s)
Downloading from central: https://repo.maven.apache.org/maven2/org/apache/maven/plugins/maven-site-plugin/3.5.1/maven-site-plugin-3.5.1.pom
Progress (1): 2.2/18 kBProgress (1): 5.0/18 kBProgress (1): 7.8/18 kBProgress (1): 11/18 kB Progress (1): 13/18 kBProgress (1): 16/18 kBProgress (1): 18 kB                      Downloaded from central: https://repo.maven.apache.org/maven2/org/apache/maven/plugins/maven-site-plugin/3.5.1/maven-site-plugin-3.5.1.pom (18 kB at 641 kB/s)
Downloading from central: https://repo.maven.apache.org/maven2/org/apache/maven/plugins/maven-plugins/28/maven-plugins-28.pom
Progress (1): 2.8/12 kBProgress (1): 5.5/12 kBProgress (1): 8.3/12 kBProgress (1): 11/12 kB Progress (1): 12 kB                      Downloaded from central: https://repo.maven.apache.org/maven2/org/apache/maven/plugins/maven-plugins/28/maven-plugins-28.pom (12 kB at 463 kB/s)
Downloading from central: https://repo.maven.apache.org/maven2/org/apache/maven/maven-parent/27/maven-parent-27.pom
Progress (1): 2.2/41 kBProgress (1): 5.0/41 kBProgress (1): 7.8/41 kBProgress (1): 11/41 kB Progress (1): 13/41 kBProgress (1): 16/41 kBProgress (1): 19/41 kBProgress (1): 21/41 kBProgress (1): 24/41 kBProgress (1): 27/41 kBProgress (1): 30/41 kBProgress (1): 32/41 kBProgress (1): 36/41 kBProgress (1): 40/41 kBProgress (1): 41 kB                      Downloaded from central: https://repo.maven.apache.org/maven2/org/apache/maven/maven-parent/27/maven-parent-27.pom (41 kB at 1.4 MB/s)
Downloading from central: https://repo.maven.apache.org/maven2/org/apache/apache/17/apache-17.pom
Progress (1): 4.1/16 kBProgress (1): 7.7/16 kBProgress (1): 12/16 kB Progress (1): 16/16 kBProgress (1): 16 kB                      Downloaded from central: https://repo.maven.apache.org/maven2/org/apache/apache/17/apache-17.pom (16 kB at 573 kB/s)
Downloading from central: https://repo.maven.apache.org/maven2/org/apache/maven/plugins/maven-site-plugin/3.5.1/maven-site-plugin-3.5.1.jar
Progress (1): 4.1/132 kBProgress (1): 7.7/132 kBProgress (1): 12/132 kB Progress (1): 16/132 kBProgress (1): 20/132 kBProgress (1): 24/132 kBProgress (1): 28/132 kBProgress (1): 32/132 kBProgress (1): 36/132 kBProgress (1): 40/132 kBProgress (1): 45/132 kBProgress (1): 49/132 kBProgress (1): 53/132 kBProgress (1): 57/132 kBProgress (1): 61/132 kBProgress (1): 65/132 kBProgress (1): 69/132 kBProgress (1): 73/132 kBProgress (1): 77/132 kBProgress (1): 81/132 kBProgress (1): 85/132 kBProgress (1): 90/132 kBProgress (1): 94/132 kBProgress (1): 98/132 kBProgress (1): 102/132 kBProgress (1): 106/132 kBProgress (1): 110/132 kBProgress (1): 114/132 kBProgress (1): 118/132 kBProgress (1): 122/132 kBProgress (1): 126/132 kBProgress (1): 131/132 kBProgress (1): 132 kB                        Downloaded from central: https://repo.maven.apache.org/maven2/org/apache/maven/plugins/maven-site-plugin/3.5.1/maven-site-plugin-3.5.1.jar (132 kB at 3.4 MB/s)
Downloading from central: https://repo.maven.apache.org/maven2/org/jooq/jooq-codegen-maven/3.9.6/jooq-codegen-maven-3.9.6.pom
Progress (1): 2.8/3.0 kBProgress (1): 3.0 kB                        Downloaded from central: https://repo.maven.apache.org/maven2/org/jooq/jooq-codegen-maven/3.9.6/jooq-codegen-maven-3.9.6.pom (3.0 kB at 117 kB/s)
Downloading from central: https://repo.maven.apache.org/maven2/org/jooq/jooq-parent/3.9.6/jooq-parent-3.9.6.pom
Progress (1): 2.2/9.8 kBProgress (1): 5.0/9.8 kBProgress (1): 7.8/9.8 kBProgress (1): 9.8 kB                        Downloaded from central: https://repo.maven.apache.org/maven2/org/jooq/jooq-parent/3.9.6/jooq-parent-3.9.6.pom (9.8 kB at 378 kB/s)
Downloading from central: https://repo.maven.apache.org/maven2/org/sonatype/oss/oss-parent/7/oss-parent-7.pom
Progress (1): 2.2/4.8 kBProgress (1): 4.8 kB                        Downloaded from central: https://repo.maven.apache.org/maven2/org/sonatype/oss/oss-parent/7/oss-parent-7.pom (4.8 kB at 186 kB/s)
Downloading from central: https://repo.maven.apache.org/maven2/org/jooq/jooq-codegen-maven/3.9.6/jooq-codegen-maven-3.9.6.jar
Progress (1): 2.2/16 kBProgress (1): 5.0/16 kBProgress (1): 7.7/16 kBProgress (1): 10/16 kB Progress (1): 13/16 kBProgress (1): 16 kB                      Downloaded from central: https://repo.maven.apache.org/maven2/org/jooq/jooq-codegen-maven/3.9.6/jooq-codegen-maven-3.9.6.jar (16 kB at 151 kB/s)
Downloading from central: https://repo.maven.apache.org/maven2/org/apache/maven/plugins/maven-antrun-plugin/1.8/maven-antrun-plugin-1.8.pom
Progress (1): 2.2/3.3 kBProgress (1): 3.3 kB                        Downloaded from central: https://repo.maven.apache.org/maven2/org/apache/maven/plugins/maven-antrun-plugin/1.8/maven-antrun-plugin-1.8.pom (3.3 kB at 114 kB/s)
Downloading from central: https://repo.maven.apache.org/maven2/org/apache/maven/plugins/maven-antrun-plugin/1.8/maven-antrun-plugin-1.8.jar
Progress (1): 2.2/36 kBProgress (1): 5.0/36 kBProgress (1): 7.7/36 kBProgress (1): 10/36 kB Progress (1): 13/36 kBProgress (1): 16/36 kBProgress (1): 19/36 kBProgress (1): 21/36 kBProgress (1): 24/36 kBProgress (1): 27/36 kBProgress (1): 30/36 kBProgress (1): 32/36 kBProgress (1): 35/36 kBProgress (1): 36 kB                      Downloaded from central: https://repo.maven.apache.org/maven2/org/apache/maven/plugins/maven-antrun-plugin/1.8/maven-antrun-plugin-1.8.jar (36 kB at 290 kB/s)
Downloading from central: https://repo.maven.apache.org/maven2/org/apache/maven/plugins/maven-assembly-plugin/2.6/maven-assembly-plugin-2.6.pom
Progress (1): 2.2/16 kBProgress (1): 5.0/16 kBProgress (1): 7.8/16 kBProgress (1): 11/16 kB Progress (1): 13/16 kBProgress (1): 16/16 kBProgress (1): 16 kB                      Downloaded from central: https://repo.maven.apache.org/maven2/org/apache/maven/plugins/maven-assembly-plugin/2.6/maven-assembly-plugin-2.6.pom (16 kB at 611 kB/s)
Downloading from central: https://repo.maven.apache.org/maven2/org/apache/maven/plugins/maven-assembly-plugin/2.6/maven-assembly-plugin-2.6.jar
Progress (1): 2.2/246 kBProgress (1): 5.0/246 kBProgress (1): 7.7/246 kBProgress (1): 10/246 kB Progress (1): 13/246 kBProgress (1): 16/246 kBProgress (1): 19/246 kBProgress (1): 21/246 kBProgress (1): 24/246 kBProgress (1): 27/246 kBProgress (1): 30/246 kBProgress (1): 32/246 kBProgress (1): 36/246 kBProgress (1): 40/246 kBProgress (1): 45/246 kBProgress (1): 49/246 kBProgress (1): 53/246 kBProgress (1): 57/246 kBProgress (1): 61/246 kBProgress (1): 65/246 kBProgress (1): 69/246 kBProgress (1): 73/246 kBProgress (1): 77/246 kBProgress (1): 81/246 kBProgress (1): 85/246 kBProgress (1): 90/246 kBProgress (1): 94/246 kBProgress (1): 98/246 kBProgress (1): 102/246 kBProgress (1): 106/246 kBProgress (1): 110/246 kBProgress (1): 114/246 kBProgress (1): 118/246 kBProgress (1): 122/246 kBProgress (1): 126/246 kBProgress (1): 131/246 kBProgress (1): 135/246 kBProgress (1): 139/246 kBProgress (1): 143/246 kBProgress (1): 147/246 kBProgress (1): 151/246 kBProgress (1): 155/246 kBProgress (1): 159/246 kBProgress (1): 163/246 kBProgress (1): 167/246 kBProgress (1): 171/246 kBProgress (1): 176/246 kBProgress (1): 180/246 kBProgress (1): 184/246 kBProgress (1): 188/246 kBProgress (1): 192/246 kBProgress (1): 196/246 kBProgress (1): 200/246 kBProgress (1): 204/246 kBProgress (1): 208/246 kBProgress (1): 212/246 kBProgress (1): 217/246 kBProgress (1): 221/246 kBProgress (1): 225/246 kBProgress (1): 229/246 kBProgress (1): 233/246 kBProgress (1): 237/246 kBProgress (1): 241/246 kBProgress (1): 245/246 kBProgress (1): 246 kB                        Downloaded from central: https://repo.maven.apache.org/maven2/org/apache/maven/plugins/maven-assembly-plugin/2.6/maven-assembly-plugin-2.6.jar (246 kB at 5.3 MB/s)
Downloading from central: https://repo.maven.apache.org/maven2/org/apache/maven/plugins/maven-dependency-plugin/2.10/maven-dependency-plugin-2.10.pom
Progress (1): 4.1/12 kBProgress (1): 7.7/12 kBProgress (1): 12/12 kB Progress (1): 12 kB                      Downloaded from central: https://repo.maven.apache.org/maven2/org/apache/maven/plugins/maven-dependency-plugin/2.10/maven-dependency-plugin-2.10.pom (12 kB at 428 kB/s)
Downloading from central: https://repo.maven.apache.org/maven2/org/apache/maven/plugins/maven-dependency-plugin/2.10/maven-dependency-plugin-2.10.jar
Progress (1): 4.1/160 kBProgress (1): 8.2/160 kBProgress (1): 12/160 kB Progress (1): 16/160 kBProgress (1): 20/160 kBProgress (1): 25/160 kBProgress (1): 29/160 kBProgress (1): 33/160 kBProgress (1): 37/160 kBProgress (1): 41/160 kBProgress (1): 45/160 kBProgress (1): 49/160 kBProgress (1): 53/160 kBProgress (1): 57/160 kBProgress (1): 61/160 kBProgress (1): 66/160 kBProgress (1): 70/160 kBProgress (1): 74/160 kBProgress (1): 78/160 kBProgress (1): 82/160 kBProgress (1): 86/160 kBProgress (1): 90/160 kBProgress (1): 94/160 kBProgress (1): 98/160 kBProgress (1): 102/160 kBProgress (1): 106/160 kBProgress (1): 111/160 kBProgress (1): 115/160 kBProgress (1): 119/160 kBProgress (1): 123/160 kBProgress (1): 127/160 kBProgress (1): 131/160 kBProgress (1): 135/160 kBProgress (1): 139/160 kBProgress (1): 143/160 kBProgress (1): 147/160 kBProgress (1): 152/160 kBProgress (1): 156/160 kBProgress (1): 160/160 kBProgress (1): 160 kB                        Downloaded from central: https://repo.maven.apache.org/maven2/org/apache/maven/plugins/maven-dependency-plugin/2.10/maven-dependency-plugin-2.10.jar (160 kB at 4.1 MB/s)
Downloading from central: https://repo.maven.apache.org/maven2/org/apache/maven/plugins/maven-release-plugin/2.5.3/maven-release-plugin-2.5.3.pom
Progress (1): 4.1/11 kBProgress (1): 7.7/11 kBProgress (1): 11 kB                       Downloaded from central: https://repo.maven.apache.org/maven2/org/apache/maven/plugins/maven-release-plugin/2.5.3/maven-release-plugin-2.5.3.pom (11 kB at 396 kB/s)
Downloading from central: https://repo.maven.apache.org/maven2/org/apache/maven/release/maven-release/2.5.3/maven-release-2.5.3.pom
Progress (1): 4.1/5.0 kBProgress (1): 5.0 kB                        Downloaded from central: https://repo.maven.apache.org/maven2/org/apache/maven/release/maven-release/2.5.3/maven-release-2.5.3.pom (5.0 kB at 201 kB/s)
Downloading from central: https://repo.maven.apache.org/maven2/org/apache/maven/plugins/maven-release-plugin/2.5.3/maven-release-plugin-2.5.3.jar
Progress (1): 2.2/53 kBProgress (1): 5.0/53 kBProgress (1): 7.7/53 kBProgress (1): 10/53 kB Progress (1): 13/53 kBProgress (1): 16/53 kBProgress (1): 19/53 kBProgress (1): 21/53 kBProgress (1): 24/53 kBProgress (1): 27/53 kBProgress (1): 30/53 kBProgress (1): 32/53 kBProgress (1): 36/53 kBProgress (1): 40/53 kBProgress (1): 45/53 kBProgress (1): 49/53 kBProgress (1): 53/53 kBProgress (1): 53 kB                      Downloaded from central: https://repo.maven.apache.org/maven2/org/apache/maven/plugins/maven-release-plugin/2.5.3/maven-release-plugin-2.5.3.jar (53 kB at 1.8 MB/s)
Downloading from central: https://repo.maven.apache.org/maven2/org/apache/maven/plugins/maven-eclipse-plugin/2.10/maven-eclipse-plugin-2.10.pom
Progress (1): 2.8/19 kBProgress (1): 5.5/19 kBProgress (1): 8.3/19 kBProgress (1): 11/19 kB Progress (1): 14/19 kBProgress (1): 16/19 kBProgress (1): 19 kB                      Downloaded from central: https://repo.maven.apache.org/maven2/org/apache/maven/plugins/maven-eclipse-plugin/2.10/maven-eclipse-plugin-2.10.pom (19 kB at 533 kB/s)
Downloading from central: https://repo.maven.apache.org/maven2/org/apache/maven/plugins/maven-eclipse-plugin/2.10/maven-eclipse-plugin-2.10.jar
Progress (1): 2.2/224 kBProgress (1): 5.0/224 kBProgress (1): 7.7/224 kBProgress (1): 10/224 kB Progress (1): 13/224 kBProgress (1): 16/224 kBProgress (1): 19/224 kBProgress (1): 21/224 kBProgress (1): 24/224 kBProgress (1): 27/224 kBProgress (1): 30/224 kBProgress (1): 32/224 kBProgress (1): 36/224 kBProgress (1): 40/224 kBProgress (1): 45/224 kBProgress (1): 49/224 kBProgress (1): 53/224 kBProgress (1): 57/224 kBProgress (1): 61/224 kBProgress (1): 65/224 kBProgress (1): 69/224 kBProgress (1): 73/224 kBProgress (1): 77/224 kBProgress (1): 81/224 kBProgress (1): 85/224 kBProgress (1): 90/224 kBProgress (1): 94/224 kBProgress (1): 98/224 kBProgress (1): 102/224 kBProgress (1): 106/224 kBProgress (1): 110/224 kBProgress (1): 114/224 kBProgress (1): 118/224 kBProgress (1): 122/224 kBProgress (1): 126/224 kBProgress (1): 131/224 kBProgress (1): 135/224 kBProgress (1): 139/224 kBProgress (1): 143/224 kBProgress (1): 147/224 kBProgress (1): 151/224 kBProgress (1): 155/224 kBProgress (1): 159/224 kBProgress (1): 163/224 kBProgress (1): 167/224 kBProgress (1): 171/224 kBProgress (1): 176/224 kBProgress (1): 180/224 kBProgress (1): 184/224 kBProgress (1): 188/224 kBProgress (1): 192/224 kBProgress (1): 196/224 kBProgress (1): 200/224 kBProgress (1): 204/224 kBProgress (1): 208/224 kBProgress (1): 212/224 kBProgress (1): 217/224 kBProgress (1): 221/224 kBProgress (1): 224 kB                        Downloaded from central: https://repo.maven.apache.org/maven2/org/apache/maven/plugins/maven-eclipse-plugin/2.10/maven-eclipse-plugin-2.10.jar (224 kB at 4.6 MB/s)
Downloading from central: https://repo.maven.apache.org/maven2/org/apache/maven/plugins/maven-enforcer-plugin/1.4/maven-enforcer-plugin-1.4.pom
Progress (1): 4.1/7.3 kBProgress (1): 7.3 kB                        Downloaded from central: https://repo.maven.apache.org/maven2/org/apache/maven/plugins/maven-enforcer-plugin/1.4/maven-enforcer-plugin-1.4.pom (7.3 kB at 229 kB/s)
Downloading from central: https://repo.maven.apache.org/maven2/org/apache/maven/enforcer/enforcer/1.4/enforcer-1.4.pom
Progress (1): 2.2/7.2 kBProgress (1): 5.0/7.2 kBProgress (1): 7.2 kB                        Downloaded from central: https://repo.maven.apache.org/maven2/org/apache/maven/enforcer/enforcer/1.4/enforcer-1.4.pom (7.2 kB at 231 kB/s)
Downloading from central: https://repo.maven.apache.org/maven2/org/apache/maven/plugins/maven-enforcer-plugin/1.4/maven-enforcer-plugin-1.4.jar
Progress (1): 2.2/31 kBProgress (1): 5.0/31 kBProgress (1): 7.7/31 kBProgress (1): 10/31 kB Progress (1): 13/31 kBProgress (1): 16/31 kBProgress (1): 19/31 kBProgress (1): 21/31 kBProgress (1): 24/31 kBProgress (1): 27/31 kBProgress (1): 30/31 kBProgress (1): 31 kB                      Downloaded from central: https://repo.maven.apache.org/maven2/org/apache/maven/plugins/maven-enforcer-plugin/1.4/maven-enforcer-plugin-1.4.jar (31 kB at 288 kB/s)
Downloading from central: https://repo.maven.apache.org/maven2/org/apache/maven/plugins/maven-failsafe-plugin/2.18.1/maven-failsafe-plugin-2.18.1.pom
Progress (1): 2.2/9.0 kBProgress (1): 5.0/9.0 kBProgress (1): 7.8/9.0 kBProgress (1): 9.0 kB                        Downloaded from central: https://repo.maven.apache.org/maven2/org/apache/maven/plugins/maven-failsafe-plugin/2.18.1/maven-failsafe-plugin-2.18.1.pom (9.0 kB at 289 kB/s)
Downloading from central: https://repo.maven.apache.org/maven2/org/apache/maven/plugins/maven-failsafe-plugin/2.18.1/maven-failsafe-plugin-2.18.1.jar
Progress (1): 2.8/82 kBProgress (1): 5.5/82 kBProgress (1): 8.3/82 kBProgress (1): 11/82 kB Progress (1): 14/82 kBProgress (1): 16/82 kBProgress (1): 19/82 kBProgress (1): 22/82 kBProgress (1): 25/82 kBProgress (1): 27/82 kBProgress (1): 30/82 kBProgress (1): 33/82 kBProgress (1): 37/82 kBProgress (1): 41/82 kBProgress (1): 45/82 kBProgress (1): 49/82 kBProgress (1): 53/82 kBProgress (1): 57/82 kBProgress (1): 61/82 kBProgress (1): 66/82 kBProgress (1): 70/82 kBProgress (1): 74/82 kBProgress (1): 78/82 kBProgress (1): 82/82 kBProgress (1): 82 kB                      Downloaded from central: https://repo.maven.apache.org/maven2/org/apache/maven/plugins/maven-failsafe-plugin/2.18.1/maven-failsafe-plugin-2.18.1.jar (82 kB at 2.6 MB/s)
Downloading from central: https://repo.maven.apache.org/maven2/org/apache/maven/plugins/maven-invoker-plugin/1.10/maven-invoker-plugin-1.10.pom
Progress (1): 4.1/11 kBProgress (1): 7.7/11 kBProgress (1): 11 kB                       Downloaded from central: https://repo.maven.apache.org/maven2/org/apache/maven/plugins/maven-invoker-plugin/1.10/maven-invoker-plugin-1.10.pom (11 kB at 349 kB/s)
Downloading from central: https://repo.maven.apache.org/maven2/org/apache/maven/plugins/maven-invoker-plugin/1.10/maven-invoker-plugin-1.10.jar
Progress (1): 4.1/105 kBProgress (1): 7.7/105 kBProgress (1): 12/105 kB Progress (1): 16/105 kBProgress (1): 20/105 kBProgress (1): 24/105 kBProgress (1): 28/105 kBProgress (1): 32/105 kBProgress (1): 36/105 kBProgress (1): 40/105 kBProgress (1): 45/105 kBProgress (1): 49/105 kBProgress (1): 53/105 kBProgress (1): 57/105 kBProgress (1): 61/105 kBProgress (1): 65/105 kBProgress (1): 69/105 kBProgress (1): 73/105 kBProgress (1): 77/105 kBProgress (1): 81/105 kBProgress (1): 85/105 kBProgress (1): 90/105 kBProgress (1): 94/105 kBProgress (1): 98/105 kBProgress (1): 102/105 kBProgress (1): 105 kB                        Downloaded from central: https://repo.maven.apache.org/maven2/org/apache/maven/plugins/maven-invoker-plugin/1.10/maven-invoker-plugin-1.10.jar (105 kB at 3.8 MB/s)
Downloading from central: https://repo.maven.apache.org/maven2/org/apache/maven/plugins/maven-javadoc-plugin/2.10.4/maven-javadoc-plugin-2.10.4.pom
Progress (1): 4.1/16 kBProgress (1): 7.7/16 kBProgress (1): 12/16 kB Progress (1): 16 kB                      Downloaded from central: https://repo.maven.apache.org/maven2/org/apache/maven/plugins/maven-javadoc-plugin/2.10.4/maven-javadoc-plugin-2.10.4.pom (16 kB at 485 kB/s)
Downloading from central: https://repo.maven.apache.org/maven2/org/apache/maven/plugins/maven-javadoc-plugin/2.10.4/maven-javadoc-plugin-2.10.4.jar
Progress (1): 4.1/415 kBProgress (1): 7.7/415 kBProgress (1): 12/415 kB Progress (1): 16/415 kBProgress (1): 20/415 kBProgress (1): 24/415 kBProgress (1): 28/415 kBProgress (1): 32/415 kBProgress (1): 36/415 kBProgress (1): 40/415 kBProgress (1): 45/415 kBProgress (1): 49/415 kBProgress (1): 53/415 kBProgress (1): 57/415 kBProgress (1): 61/415 kBProgress (1): 65/415 kBProgress (1): 69/415 kBProgress (1): 73/415 kBProgress (1): 77/415 kBProgress (1): 81/415 kBProgress (1): 85/415 kBProgress (1): 90/415 kBProgress (1): 94/415 kBProgress (1): 98/415 kBProgress (1): 102/415 kBProgress (1): 106/415 kBProgress (1): 110/415 kBProgress (1): 114/415 kBProgress (1): 118/415 kBProgress (1): 122/415 kBProgress (1): 126/415 kBProgress (1): 131/415 kBProgress (1): 135/415 kBProgress (1): 139/415 kBProgress (1): 143/415 kBProgress (1): 147/415 kBProgress (1): 151/415 kBProgress (1): 155/415 kBProgress (1): 159/415 kBProgress (1): 163/415 kBProgress (1): 167/415 kBProgress (1): 171/415 kBProgress (1): 176/415 kBProgress (1): 180/415 kBProgress (1): 184/415 kBProgress (1): 188/415 kBProgress (1): 192/415 kBProgress (1): 196/415 kBProgress (1): 200/415 kBProgress (1): 204/415 kBProgress (1): 208/415 kBProgress (1): 212/415 kBProgress (1): 217/415 kBProgress (1): 221/415 kBProgress (1): 225/415 kBProgress (1): 229/415 kBProgress (1): 233/415 kBProgress (1): 237/415 kBProgress (1): 241/415 kBProgress (1): 245/415 kBProgress (1): 249/415 kBProgress (1): 253/415 kBProgress (1): 258/415 kBProgress (1): 262/415 kBProgress (1): 266/415 kBProgress (1): 270/415 kBProgress (1): 274/415 kBProgress (1): 278/415 kBProgress (1): 282/415 kBProgress (1): 286/415 kBProgress (1): 290/415 kBProgress (1): 294/415 kBProgress (1): 298/415 kBProgress (1): 303/415 kBProgress (1): 307/415 kBProgress (1): 311/415 kBProgress (1): 315/415 kBProgress (1): 319/415 kBProgress (1): 323/415 kBProgress (1): 327/415 kBProgress (1): 331/415 kBProgress (1): 335/415 kBProgress (1): 339/415 kBProgress (1): 344/415 kBProgress (1): 348/415 kBProgress (1): 352/415 kBProgress (1): 356/415 kBProgress (1): 360/415 kBProgress (1): 364/415 kBProgress (1): 368/415 kBProgress (1): 372/415 kBProgress (1): 376/415 kBProgress (1): 380/415 kBProgress (1): 384/415 kBProgress (1): 389/415 kBProgress (1): 393/415 kBProgress (1): 397/415 kBProgress (1): 401/415 kBProgress (1): 405/415 kBProgress (1): 409/415 kBProgress (1): 413/415 kBProgress (1): 415 kB                        Downloaded from central: https://repo.maven.apache.org/maven2/org/apache/maven/plugins/maven-javadoc-plugin/2.10.4/maven-javadoc-plugin-2.10.4.jar (415 kB at 6.6 MB/s)
Downloading from central: https://repo.maven.apache.org/maven2/org/apache/maven/plugins/maven-shade-plugin/2.4.3/maven-shade-plugin-2.4.3.pom
Progress (1): 2.2/8.5 kBProgress (1): 5.0/8.5 kBProgress (1): 7.8/8.5 kBProgress (1): 8.5 kB                        Downloaded from central: https://repo.maven.apache.org/maven2/org/apache/maven/plugins/maven-shade-plugin/2.4.3/maven-shade-plugin-2.4.3.pom (8.5 kB at 218 kB/s)
Downloading from central: https://repo.maven.apache.org/maven2/org/apache/maven/plugins/maven-shade-plugin/2.4.3/maven-shade-plugin-2.4.3.jar
Progress (1): 2.8/104 kBProgress (1): 5.5/104 kBProgress (1): 8.3/104 kBProgress (1): 11/104 kB Progress (1): 14/104 kBProgress (1): 16/104 kBProgress (1): 19/104 kBProgress (1): 22/104 kBProgress (1): 25/104 kBProgress (1): 27/104 kBProgress (1): 30/104 kBProgress (1): 33/104 kBProgress (1): 37/104 kBProgress (1): 41/104 kBProgress (1): 45/104 kBProgress (1): 49/104 kBProgress (1): 53/104 kBProgress (1): 57/104 kBProgress (1): 61/104 kBProgress (1): 66/104 kBProgress (1): 70/104 kBProgress (1): 74/104 kBProgress (1): 78/104 kBProgress (1): 82/104 kBProgress (1): 86/104 kBProgress (1): 90/104 kBProgress (1): 94/104 kBProgress (1): 98/104 kBProgress (1): 102/104 kBProgress (1): 104 kB                        Downloaded from central: https://repo.maven.apache.org/maven2/org/apache/maven/plugins/maven-shade-plugin/2.4.3/maven-shade-plugin-2.4.3.jar (104 kB at 3.3 MB/s)
Downloading from central: https://repo.maven.apache.org/maven2/org/apache/maven/plugins/maven-source-plugin/2.4/maven-source-plugin-2.4.pom
Progress (1): 2.2/6.6 kBProgress (1): 5.0/6.6 kBProgress (1): 6.6 kB                        Downloaded from central: https://repo.maven.apache.org/maven2/org/apache/maven/plugins/maven-source-plugin/2.4/maven-source-plugin-2.4.pom (6.6 kB at 214 kB/s)
Downloading from central: https://repo.maven.apache.org/maven2/org/apache/maven/plugins/maven-source-plugin/2.4/maven-source-plugin-2.4.jar
Progress (1): 2.2/31 kBProgress (1): 5.0/31 kBProgress (1): 7.7/31 kBProgress (1): 10/31 kB Progress (1): 13/31 kBProgress (1): 16/31 kBProgress (1): 19/31 kBProgress (1): 21/31 kBProgress (1): 24/31 kBProgress (1): 27/31 kBProgress (1): 30/31 kBProgress (1): 31 kB                      Downloaded from central: https://repo.maven.apache.org/maven2/org/apache/maven/plugins/maven-source-plugin/2.4/maven-source-plugin-2.4.jar (31 kB at 288 kB/s)
Downloading from central: https://repo.maven.apache.org/maven2/org/apache/maven/plugins/maven-war-plugin/2.6/maven-war-plugin-2.6.pom
Progress (1): 2.3/8.2 kBProgress (1): 5.0/8.2 kBProgress (1): 7.8/8.2 kBProgress (1): 8.2 kB                        Downloaded from central: https://repo.maven.apache.org/maven2/org/apache/maven/plugins/maven-war-plugin/2.6/maven-war-plugin-2.6.pom (8.2 kB at 316 kB/s)
Downloading from central: https://repo.maven.apache.org/maven2/org/apache/maven/plugins/maven-war-plugin/2.6/maven-war-plugin-2.6.jar
Progress (1): 2.2/88 kBProgress (1): 5.0/88 kBProgress (1): 7.7/88 kBProgress (1): 10/88 kB Progress (1): 13/88 kBProgress (1): 16/88 kBProgress (1): 19/88 kBProgress (1): 21/88 kBProgress (1): 24/88 kBProgress (1): 27/88 kBProgress (1): 30/88 kBProgress (1): 32/88 kBProgress (1): 36/88 kBProgress (1): 40/88 kBProgress (1): 45/88 kBProgress (1): 49/88 kBProgress (1): 53/88 kBProgress (1): 57/88 kBProgress (1): 61/88 kBProgress (1): 65/88 kBProgress (1): 69/88 kBProgress (1): 73/88 kBProgress (1): 77/88 kBProgress (1): 81/88 kBProgress (1): 85/88 kBProgress (1): 88 kB                      Downloaded from central: https://repo.maven.apache.org/maven2/org/apache/maven/plugins/maven-war-plugin/2.6/maven-war-plugin-2.6.jar (88 kB at 2.8 MB/s)
Downloading from central: https://repo.maven.apache.org/maven2/org/codehaus/mojo/exec-maven-plugin/1.5.0/exec-maven-plugin-1.5.0.pom
Progress (1): 4.1/12 kBProgress (1): 7.7/12 kBProgress (1): 12/12 kB Progress (1): 12 kB                      Downloaded from central: https://repo.maven.apache.org/maven2/org/codehaus/mojo/exec-maven-plugin/1.5.0/exec-maven-plugin-1.5.0.pom (12 kB at 398 kB/s)
Downloading from central: https://repo.maven.apache.org/maven2/org/codehaus/mojo/exec-maven-plugin/1.5.0/exec-maven-plugin-1.5.0.jar
Progress (1): 4.1/53 kBProgress (1): 7.7/53 kBProgress (1): 12/53 kB Progress (1): 16/53 kBProgress (1): 20/53 kBProgress (1): 24/53 kBProgress (1): 28/53 kBProgress (1): 32/53 kBProgress (1): 36/53 kBProgress (1): 40/53 kBProgress (1): 45/53 kBProgress (1): 49/53 kBProgress (1): 53/53 kBProgress (1): 53 kB                      Downloaded from central: https://repo.maven.apache.org/maven2/org/codehaus/mojo/exec-maven-plugin/1.5.0/exec-maven-plugin-1.5.0.jar (53 kB at 1.7 MB/s)
Downloading from central: https://repo.maven.apache.org/maven2/org/codehaus/mojo/versions-maven-plugin/2.2/versions-maven-plugin-2.2.pom
Progress (1): 4.1/16 kBProgress (1): 7.7/16 kBProgress (1): 12/16 kB Progress (1): 16/16 kBProgress (1): 16 kB                      Downloaded from central: https://repo.maven.apache.org/maven2/org/codehaus/mojo/versions-maven-plugin/2.2/versions-maven-plugin-2.2.pom (16 kB at 497 kB/s)
Downloading from central: https://repo.maven.apache.org/maven2/org/codehaus/mojo/mojo-parent/34/mojo-parent-34.pom
Progress (1): 4.1/24 kBProgress (1): 7.7/24 kBProgress (1): 12/24 kB Progress (1): 16/24 kBProgress (1): 20/24 kBProgress (1): 24/24 kBProgress (1): 24 kB                      Downloaded from central: https://repo.maven.apache.org/maven2/org/codehaus/mojo/mojo-parent/34/mojo-parent-34.pom (24 kB at 785 kB/s)
Downloading from central: https://repo.maven.apache.org/maven2/org/codehaus/codehaus-parent/4/codehaus-parent-4.pom
Progress (1): 4.1/4.8 kBProgress (1): 4.8 kB                        Downloaded from central: https://repo.maven.apache.org/maven2/org/codehaus/codehaus-parent/4/codehaus-parent-4.pom (4.8 kB at 301 kB/s)
Downloading from central: https://repo.maven.apache.org/maven2/org/codehaus/mojo/versions-maven-plugin/2.2/versions-maven-plugin-2.2.jar
Progress (1): 2.2/256 kBProgress (1): 5.0/256 kBProgress (1): 7.7/256 kBProgress (1): 10/256 kB Progress (1): 13/256 kBProgress (1): 16/256 kBProgress (1): 19/256 kBProgress (1): 21/256 kBProgress (1): 24/256 kBProgress (1): 27/256 kBProgress (1): 30/256 kBProgress (1): 32/256 kBProgress (1): 36/256 kBProgress (1): 40/256 kBProgress (1): 45/256 kBProgress (1): 49/256 kBProgress (1): 53/256 kBProgress (1): 57/256 kBProgress (1): 61/256 kBProgress (1): 65/256 kBProgress (1): 69/256 kBProgress (1): 73/256 kBProgress (1): 77/256 kBProgress (1): 81/256 kBProgress (1): 85/256 kBProgress (1): 90/256 kBProgress (1): 94/256 kBProgress (1): 98/256 kBProgress (1): 102/256 kBProgress (1): 106/256 kBProgress (1): 110/256 kBProgress (1): 114/256 kBProgress (1): 118/256 kBProgress (1): 122/256 kBProgress (1): 126/256 kBProgress (1): 131/256 kBProgress (1): 135/256 kBProgress (1): 139/256 kBProgress (1): 143/256 kBProgress (1): 147/256 kBProgress (1): 151/256 kBProgress (1): 155/256 kBProgress (1): 159/256 kBProgress (1): 163/256 kBProgress (1): 167/256 kBProgress (1): 171/256 kBProgress (1): 176/256 kBProgress (1): 180/256 kBProgress (1): 184/256 kBProgress (1): 188/256 kBProgress (1): 192/256 kBProgress (1): 196/256 kBProgress (1): 200/256 kBProgress (1): 204/256 kBProgress (1): 208/256 kBProgress (1): 212/256 kBProgress (1): 217/256 kBProgress (1): 221/256 kBProgress (1): 225/256 kBProgress (1): 229/256 kBProgress (1): 233/256 kBProgress (1): 237/256 kBProgress (1): 241/256 kBProgress (1): 245/256 kBProgress (1): 249/256 kBProgress (1): 253/256 kBProgress (1): 256 kB                        Downloaded from central: https://repo.maven.apache.org/maven2/org/codehaus/mojo/versions-maven-plugin/2.2/versions-maven-plugin-2.2.jar (256 kB at 5.5 MB/s)
Downloading from central: https://repo.maven.apache.org/maven2/pl/project13/maven/git-commit-id-plugin/2.2.3/git-commit-id-plugin-2.2.3.pom
Progress (1): 4.1/13 kBProgress (1): 7.7/13 kBProgress (1): 12/13 kB Progress (1): 13 kB                      Downloaded from central: https://repo.maven.apache.org/maven2/pl/project13/maven/git-commit-id-plugin/2.2.3/git-commit-id-plugin-2.2.3.pom (13 kB at 422 kB/s)
Downloading from central: https://repo.maven.apache.org/maven2/org/sonatype/oss/oss-parent/9/oss-parent-9.pom
Progress (1): 4.1/6.6 kBProgress (1): 6.6 kB                        Downloaded from central: https://repo.maven.apache.org/maven2/org/sonatype/oss/oss-parent/9/oss-parent-9.pom (6.6 kB at 411 kB/s)
Downloading from central: https://repo.maven.apache.org/maven2/pl/project13/maven/git-commit-id-plugin/2.2.3/git-commit-id-plugin-2.2.3.jar
Progress (1): 2.8/91 kBProgress (1): 5.5/91 kBProgress (1): 8.3/91 kBProgress (1): 11/91 kB Progress (1): 14/91 kBProgress (1): 16/91 kBProgress (1): 19/91 kBProgress (1): 22/91 kBProgress (1): 25/91 kBProgress (1): 27/91 kBProgress (1): 30/91 kBProgress (1): 33/91 kBProgress (1): 37/91 kBProgress (1): 41/91 kBProgress (1): 45/91 kBProgress (1): 49/91 kBProgress (1): 53/91 kBProgress (1): 57/91 kBProgress (1): 61/91 kBProgress (1): 66/91 kBProgress (1): 70/91 kBProgress (1): 74/91 kBProgress (1): 78/91 kBProgress (1): 82/91 kBProgress (1): 86/91 kBProgress (1): 90/91 kBProgress (1): 91 kB                      Downloaded from central: https://repo.maven.apache.org/maven2/pl/project13/maven/git-commit-id-plugin/2.2.3/git-commit-id-plugin-2.2.3.jar (91 kB at 2.5 MB/s)
Downloading from central: https://repo.maven.apache.org/maven2/org/apache/maven/plugins/maven-metadata.xml
Downloading from central: https://repo.maven.apache.org/maven2/org/codehaus/mojo/maven-metadata.xml
Progress (1): 4.1/20 kBProgress (1): 7.7/20 kBProgress (1): 12/20 kB Progress (1): 16/20 kBProgress (1): 20/20 kBProgress (1): 20 kB   Progress (2): 20 kB | 2.3/14 kBProgress (2): 20 kB | 5.0/14 kBProgress (2): 20 kB | 7.8/14 kBProgress (2): 20 kB | 11/14 kB Progress (2): 20 kB | 13/14 kBProgress (2): 20 kB | 14 kB                              Downloaded from central: https://repo.maven.apache.org/maven2/org/codehaus/mojo/maven-metadata.xml (20 kB at 660 kB/s)
Downloaded from central: https://repo.maven.apache.org/maven2/org/apache/maven/plugins/maven-metadata.xml (14 kB at 290 kB/s)
[INFO] ------------------------------------------------------------------------
[INFO] BUILD FAILURE
[INFO] ------------------------------------------------------------------------
[INFO] Total time:  7.141 s
[INFO] Finished at: 2020-02-24T13:41:32Z
[INFO] ------------------------------------------------------------------------
[ERROR] No plugin found for prefix 'sca' in the current project and in the plugin groups [org.apache.maven.plugins, org.codehaus.mojo] available from the repositories [local (C:\Windows\system32\config\systemprofile\.m2\repository), central (https://repo.maven.apache.org/maven2)] -> [Help 1]
[ERROR] 
[ERROR] To see the full stack trace of the errors, re-run Maven with the -e switch.
[ERROR] Re-run Maven using the -X switch to enable full debug logging.
[ERROR] 
[ERROR] For more information about the errors and possible solutions, please read the following articles:
[ERROR] [Help 1] http://cwiki.apache.org/confluence/display/MAVEN/NoPluginFoundForPrefixException


[2020-02-24 13:41:32.245 WARN  20213]
exit(1)
[2020-02-24 13:43:25.874 WARN  1102]
Compiler execution failed (exit code: 1).
[2020-02-24 13:43:25.874 WARN  20667]
Compiler Output:
[INFO] Scanning for projects...
[INFO] ------------------------------------------------------------------------
[INFO] BUILD FAILURE
[INFO] ------------------------------------------------------------------------
[INFO] Total time:  0.192 s
[INFO] Finished at: 2020-02-24T13:43:25Z
[INFO] ------------------------------------------------------------------------
[ERROR] Error resolving version for plugin 'com.fortify.sca.plugins.maven:sca-maven-plugin' from the repositories [local (C:\Windows\system32\config\systemprofile\.m2\repository), central (https://repo.maven.apache.org/maven2)]: Plugin not found in any plugin repository -> [Help 1]
[ERROR] 
[ERROR] To see the full stack trace of the errors, re-run Maven with the -e switch.
[ERROR] Re-run Maven using the -X switch to enable full debug logging.
[ERROR] 
[ERROR] For more information about the errors and possible solutions, please read the following articles:
[ERROR] [Help 1] http://cwiki.apache.org/confluence/display/MAVEN/PluginVersionResolutionException


[2020-02-24 13:43:25.905 WARN  20213]
exit(1)
[2020-02-24 13:44:39.095 WARN  1102]
Compiler execution failed (exit code: 1).
[2020-02-24 13:44:39.111 WARN  20667]
Compiler Output:
[INFO] Scanning for projects...
Downloading from central: https://repo.maven.apache.org/maven2/com/fortify/sca/plugins/maven/sca-maven-plugin/maven-metadata.xml
[INFO] ------------------------------------------------------------------------
[INFO] BUILD FAILURE
[INFO] ------------------------------------------------------------------------
[INFO] Total time:  1.083 s
[INFO] Finished at: 2020-02-24T13:44:38Z
[INFO] ------------------------------------------------------------------------
[ERROR] Error resolving version for plugin 'com.fortify.sca.plugins.maven:sca-maven-plugin' from the repositories [local (C:\Windows\system32\config\systemprofile\.m2\repository), central (https://repo.maven.apache.org/maven2)]: Plugin not found in any plugin repository -> [Help 1]
[ERROR] 
[ERROR] To see the full stack trace of the errors, re-run Maven with the -e switch.
[ERROR] Re-run Maven using the -X switch to enable full debug logging.
[ERROR] 
[ERROR] For more information about the errors and possible solutions, please read the following articles:
[ERROR] [Help 1] http://cwiki.apache.org/confluence/display/MAVEN/PluginVersionResolutionException


[2020-02-24 13:44:39.126 WARN  20213]
exit(1)
[2020-02-24 14:05:25.979 WARN  1102]
Compiler execution failed (exit code: 1).
[2020-02-24 14:05:25.979 WARN  20667]
Compiler Output:
[INFO] Scanning for projects...
[WARNING] The POM for com.fortify.ps.maven.plugin:sca-maven-plugin:jar:4.30 is missing, no dependency information available
[WARNING] Failed to retrieve plugin descriptor for com.fortify.ps.maven.plugin:sca-maven-plugin:4.30: Plugin com.fortify.ps.maven.plugin:sca-maven-plugin:4.30 or one of its dependencies could not be resolved: Failure to find com.fortify.ps.maven.plugin:sca-maven-plugin:jar:4.30 in https://repo.maven.apache.org/maven2 was cached in the local repository, resolution will not be reattempted until the update interval of central has elapsed or updates are forced
Downloading from central: https://repo.maven.apache.org/maven2/org/apache/maven/plugins/maven-metadata.xml
Downloading from central: https://repo.maven.apache.org/maven2/org/codehaus/mojo/maven-metadata.xml
Progress (1): 2.3/14 kBProgress (2): 2.3/14 kB | 2.2/20 kBProgress (2): 5.0/14 kB | 2.2/20 kBProgress (2): 5.0/14 kB | 5.0/20 kBProgress (2): 7.8/14 kB | 5.0/20 kBProgress (2): 7.8/14 kB | 7.8/20 kBProgress (2): 7.8/14 kB | 11/20 kB Progress (2): 11/14 kB | 11/20 kB Progress (2): 11/14 kB | 13/20 kBProgress (2): 13/14 kB | 13/20 kBProgress (2): 13/14 kB | 16/20 kBProgress (2): 14 kB | 16/20 kB   Progress (2): 14 kB | 19/20 kBProgress (2): 14 kB | 20 kB                              Downloaded from central: https://repo.maven.apache.org/maven2/org/codehaus/mojo/maven-metadata.xml (20 kB at 48 kB/s)
Downloaded from central: https://repo.maven.apache.org/maven2/org/apache/maven/plugins/maven-metadata.xml (14 kB at 32 kB/s)
[INFO] ------------------------------------------------------------------------
[INFO] BUILD FAILURE
[INFO] ------------------------------------------------------------------------
[INFO] Total time:  1.592 s
[INFO] Finished at: 2020-02-24T14:05:25Z
[INFO] ------------------------------------------------------------------------
[ERROR] No plugin found for prefix 'sca' in the current project and in the plugin groups [org.apache.maven.plugins, org.codehaus.mojo] available from the repositories [local (C:\Windows\system32\config\systemprofile\.m2\repository), central (https://repo.maven.apache.org/maven2)] -> [Help 1]
[ERROR] 
[ERROR] To see the full stack trace of the errors, re-run Maven with the -e switch.
[ERROR] Re-run Maven using the -X switch to enable full debug logging.
[ERROR] 
[ERROR] For more information about the errors and possible solutions, please read the following articles:
[ERROR] [Help 1] http://cwiki.apache.org/confluence/display/MAVEN/NoPluginFoundForPrefixException


[2020-02-24 14:05:25.995 WARN  20213]
exit(1)
[2020-02-24 14:09:20.443 ERROR 204]
Unrecognized or invalid command line argument 'com.fortify.sca.plugins.maven:sca-maven-plugin:clean'
[2020-02-24 14:09:20.443 WARN  20687]
Maven Integration supports translation only. Please refer to README.txt.
[2020-02-24 14:09:20.443 WARN  20688]
SCA Maven Plugin Options:
[com.fortify.sca.plugins.maven:sca-maven-plugin:clean, com.fortify.sca.plugins.maven:sca-maven-plugin:translate, com.fortify.sca.plugins.maven:sca-maven-plugin:scan]
[2020-02-24 14:09:22.243 WARN  1102]
Compiler execution failed (exit code: 1).
[2020-02-24 14:09:22.243 WARN  20667]
Compiler Output:
[INFO] Scanning for projects...
[INFO] ------------------------------------------------------------------------
[INFO] BUILD FAILURE
[INFO] ------------------------------------------------------------------------
[INFO] Total time:  0.206 s
[INFO] Finished at: 2020-02-24T14:09:22Z
[INFO] ------------------------------------------------------------------------
[ERROR] No goals have been specified for this build. You must specify a valid lifecycle phase or a goal in the format <plugin-prefix>:<goal> or <plugin-group-id>:<plugin-artifact-id>[:<plugin-version>]:<goal>. Available lifecycle phases are: validate, initialize, generate-sources, process-sources, generate-resources, process-resources, compile, process-classes, generate-test-sources, process-test-sources, generate-test-resources, process-test-resources, test-compile, process-test-classes, test, prepare-package, package, pre-integration-test, integration-test, post-integration-test, verify, install, deploy, pre-clean, clean, post-clean, pre-site, site, post-site, site-deploy. -> [Help 1]
[ERROR] 
[ERROR] To see the full stack trace of the errors, re-run Maven with the -e switch.
[ERROR] Re-run Maven using the -X switch to enable full debug logging.
[ERROR] 
[ERROR] For more information about the errors and possible solutions, please read the following articles:
[ERROR] [Help 1] http://cwiki.apache.org/confluence/display/MAVEN/NoGoalSpecifiedException


[2020-02-24 14:09:22.259 WARN  20213]
exit(1)
[2020-02-24 14:10:34.288 WARN  1102]
Compiler execution failed (exit code: 1).
[2020-02-24 14:10:34.288 WARN  20667]
Compiler Output:
[INFO] Scanning for projects...
[WARNING] The POM for com.fortify.ps.maven.plugin:sca-maven-plugin:jar:4.30 is missing, no dependency information available
[WARNING] Failed to retrieve plugin descriptor for com.fortify.ps.maven.plugin:sca-maven-plugin:4.30: Plugin com.fortify.ps.maven.plugin:sca-maven-plugin:4.30 or one of its dependencies could not be resolved: Failure to find com.fortify.ps.maven.plugin:sca-maven-plugin:jar:4.30 in https://repo.maven.apache.org/maven2 was cached in the local repository, resolution will not be reattempted until the update interval of central has elapsed or updates are forced
Downloading from central: https://repo.maven.apache.org/maven2/org/codehaus/mojo/maven-metadata.xml
Downloading from central: https://repo.maven.apache.org/maven2/org/apache/maven/plugins/maven-metadata.xml
Progress (1): 2.2/20 kBProgress (2): 2.2/20 kB | 2.8/14 kBProgress (2): 5.0/20 kB | 2.8/14 kBProgress (2): 5.0/20 kB | 5.5/14 kBProgress (2): 7.8/20 kB | 5.5/14 kBProgress (2): 7.8/20 kB | 8.3/14 kBProgress (2): 7.8/20 kB | 11/14 kB Progress (2): 11/20 kB | 11/14 kB Progress (2): 13/20 kB | 11/14 kBProgress (2): 13/20 kB | 14 kB   Progress (2): 16/20 kB | 14 kBProgress (2): 19/20 kB | 14 kBProgress (2): 20 kB | 14 kB                              Downloaded from central: https://repo.maven.apache.org/maven2/org/apache/maven/plugins/maven-metadata.xml (14 kB at 34 kB/s)
Downloaded from central: https://repo.maven.apache.org/maven2/org/codehaus/mojo/maven-metadata.xml (20 kB at 51 kB/s)
[INFO] ------------------------------------------------------------------------
[INFO] BUILD FAILURE
[INFO] ------------------------------------------------------------------------
[INFO] Total time:  1.494 s
[INFO] Finished at: 2020-02-24T14:10:34Z
[INFO] ------------------------------------------------------------------------
[ERROR] No plugin found for prefix 'sca' in the current project and in the plugin groups [org.apache.maven.plugins, org.codehaus.mojo] available from the repositories [local (C:\Windows\system32\config\systemprofile\.m2\repository), central (https://repo.maven.apache.org/maven2)] -> [Help 1]
[ERROR] 
[ERROR] To see the full stack trace of the errors, re-run Maven with the -e switch.
[ERROR] Re-run Maven using the -X switch to enable full debug logging.
[ERROR] 
[ERROR] For more information about the errors and possible solutions, please read the following articles:
[ERROR] [Help 1] http://cwiki.apache.org/confluence/display/MAVEN/NoPluginFoundForPrefixException


[2020-02-24 14:10:34.303 WARN  20213]
exit(1)
[2020-02-24 14:12:42.511 ERROR 204]
Unrecognized or invalid command line argument 'com.fortify.sca.plugins.maven:sca-maven-plugin:clean'
[2020-02-24 14:12:42.511 WARN  20687]
Maven Integration supports translation only. Please refer to README.txt.
[2020-02-24 14:12:42.511 WARN  20688]
SCA Maven Plugin Options:
[com.fortify.sca.plugins.maven:clean, com.fortify.sca.plugins.maven:sca-maven-plugin:clean]
[2020-02-24 14:12:44.496 WARN  1102]
Compiler execution failed (exit code: 1).
[2020-02-24 14:12:44.496 WARN  20667]
Compiler Output:
[INFO] Scanning for projects...
[INFO] ------------------------------------------------------------------------
[INFO] BUILD FAILURE
[INFO] ------------------------------------------------------------------------
[INFO] Total time:  0.219 s
[INFO] Finished at: 2020-02-24T14:12:44Z
[INFO] ------------------------------------------------------------------------
[ERROR] No goals have been specified for this build. You must specify a valid lifecycle phase or a goal in the format <plugin-prefix>:<goal> or <plugin-group-id>:<plugin-artifact-id>[:<plugin-version>]:<goal>. Available lifecycle phases are: validate, initialize, generate-sources, process-sources, generate-resources, process-resources, compile, process-classes, generate-test-sources, process-test-sources, generate-test-resources, process-test-resources, test-compile, process-test-classes, test, prepare-package, package, pre-integration-test, integration-test, post-integration-test, verify, install, deploy, pre-clean, clean, post-clean, pre-site, site, post-site, site-deploy. -> [Help 1]
[ERROR] 
[ERROR] To see the full stack trace of the errors, re-run Maven with the -e switch.
[ERROR] Re-run Maven using the -X switch to enable full debug logging.
[ERROR] 
[ERROR] For more information about the errors and possible solutions, please read the following articles:
[ERROR] [Help 1] http://cwiki.apache.org/confluence/display/MAVEN/NoGoalSpecifiedException


[2020-02-24 14:12:44.512 WARN  20213]
exit(1)
[2020-02-24 14:13:16.461 WARN  1102]
Compiler execution failed (exit code: 1).
[2020-02-24 14:13:16.461 WARN  20667]
Compiler Output:
[INFO] Scanning for projects...
Downloading from central: https://repo.maven.apache.org/maven2/com/fortify/sca/plugins/maven/sca-maven-plugin/19.2.0/sca-maven-plugin-19.2.0.pom
[WARNING] The POM for com.fortify.sca.plugins.maven:sca-maven-plugin:jar:19.2.0 is missing, no dependency information available
Downloading from central: https://repo.maven.apache.org/maven2/com/fortify/sca/plugins/maven/sca-maven-plugin/19.2.0/sca-maven-plugin-19.2.0.jar
[INFO] ------------------------------------------------------------------------
[INFO] BUILD FAILURE
[INFO] ------------------------------------------------------------------------
[INFO] Total time:  1.490 s
[INFO] Finished at: 2020-02-24T14:13:16Z
[INFO] ------------------------------------------------------------------------
[ERROR] Plugin com.fortify.sca.plugins.maven:sca-maven-plugin:19.2.0 or one of its dependencies could not be resolved: Could not find artifact com.fortify.sca.plugins.maven:sca-maven-plugin:jar:19.2.0 in central (https://repo.maven.apache.org/maven2) -> [Help 1]
[ERROR] 
[ERROR] To see the full stack trace of the errors, re-run Maven with the -e switch.
[ERROR] Re-run Maven using the -X switch to enable full debug logging.
[ERROR] 
[ERROR] For more information about the errors and possible solutions, please read the following articles:
[ERROR] [Help 1] http://cwiki.apache.org/confluence/display/MAVEN/PluginResolutionException


[2020-02-24 14:13:16.476 WARN  20213]
exit(1)
[2020-02-24 14:20:19.168 WARN  1102]
Compiler execution failed (exit code: 1).
[2020-02-24 14:20:19.168 WARN  20667]
Compiler Output:
[INFO] Scanning for projects...
[INFO] ------------------------------------------------------------------------
[INFO] BUILD FAILURE
[INFO] ------------------------------------------------------------------------
[INFO] Total time:  0.219 s
[INFO] Finished at: 2020-02-24T14:20:19Z
[INFO] ------------------------------------------------------------------------
[ERROR] Error resolving version for plugin 'com.fortify.sca.plugins.maven:sca-maven-plugin' from the repositories [local (C:\Windows\system32\config\systemprofile\.m2\repository), central (https://repo.maven.apache.org/maven2)]: Plugin not found in any plugin repository -> [Help 1]
[ERROR] 
[ERROR] To see the full stack trace of the errors, re-run Maven with the -e switch.
[ERROR] Re-run Maven using the -X switch to enable full debug logging.
[ERROR] 
[ERROR] For more information about the errors and possible solutions, please read the following articles:
[ERROR] [Help 1] http://cwiki.apache.org/confluence/display/MAVEN/PluginVersionResolutionException


[2020-02-24 14:20:19.184 WARN  20213]
exit(1)
[2020-02-26 10:36:41.119 WARN  1102]
Compiler execution failed (exit code: 1).
[2020-02-26 10:36:41.120 WARN  20667]
Compiler Output:
[INFO] Scanning for projects...
[INFO] ------------------------------------------------------------------------
[INFO] BUILD FAILURE
[INFO] ------------------------------------------------------------------------
[INFO] Total time:  0.355 s
[INFO] Finished at: 2020-02-26T10:36:41Z
[INFO] ------------------------------------------------------------------------
[ERROR] Error resolving version for plugin 'com.fortify.sca.plugins.maven:sca-maven-plugin' from the repositories [local (C:\Windows\system32\config\systemprofile\.m2\repository), central (https://repo.maven.apache.org/maven2)]: Plugin not found in any plugin repository -> [Help 1]
[ERROR] 
[ERROR] To see the full stack trace of the errors, re-run Maven with the -e switch.
[ERROR] Re-run Maven using the -X switch to enable full debug logging.
[ERROR] 
[ERROR] For more information about the errors and possible solutions, please read the following articles:
[ERROR] [Help 1] http://cwiki.apache.org/confluence/display/MAVEN/PluginVersionResolutionException


[2020-02-26 10:36:41.135 WARN  20213]
exit(1)
[2020-02-26 10:40:18.546 WARN  1102]
Compiler execution failed (exit code: 1).
[2020-02-26 10:40:18.546 WARN  20667]
Compiler Output:
[INFO] Scanning for projects...
[INFO] ------------------------------------------------------------------------
[INFO] BUILD FAILURE
[INFO] ------------------------------------------------------------------------
[INFO] Total time:  0.296 s
[INFO] Finished at: 2020-02-26T10:40:18Z
[INFO] ------------------------------------------------------------------------
[ERROR] Error resolving version for plugin 'com.fortify.sca.plugins.maven:sca-maven-plugin' from the repositories [local (C:\Windows\system32\config\systemprofile\.m2\repository), central (https://repo.maven.apache.org/maven2)]: Plugin not found in any plugin repository -> [Help 1]
[ERROR] 
[ERROR] To see the full stack trace of the errors, re-run Maven with the -e switch.
[ERROR] Re-run Maven using the -X switch to enable full debug logging.
[ERROR] 
[ERROR] For more information about the errors and possible solutions, please read the following articles:
[ERROR] [Help 1] http://cwiki.apache.org/confluence/display/MAVEN/PluginVersionResolutionException


[2020-02-26 10:40:18.566 WARN  20213]
exit(1)
[2020-02-26 10:42:57.415 WARN  1102]
Compiler execution failed (exit code: 1).
[2020-02-26 10:42:57.416 WARN  20667]
Compiler Output:

'mvn.cmd' is not recognized as an internal or external command,
operable program or batch file.

[2020-02-26 10:42:57.432 WARN  20213]
exit(1)
[2020-02-26 10:47:32.592 WARN  1102]
Compiler execution failed (exit code: 1).
[2020-02-26 10:47:32.593 WARN  20667]
Compiler Output:

'mvn.cmd' is not recognized as an internal or external command,
operable program or batch file.

[2020-02-26 10:47:32.615 WARN  20213]
exit(1)
[2020-02-26 10:50:53.810 WARN  1102]
Compiler execution failed (exit code: 1).
[2020-02-26 10:50:53.811 WARN  20667]
Compiler Output:

'mvn.cmd' is not recognized as an internal or external command,
operable program or batch file.

[2020-02-26 10:50:53.824 WARN  20213]
exit(1)
[2020-02-26 10:57:08.928 WARN  1102]
Compiler execution failed (exit code: 1).
[2020-02-26 10:57:08.928 WARN  20667]
Compiler Output:
[INFO] Scanning for projects...
Downloading: https://repo1.maven.org/maven2/com/fortify/sca/plugins/maven/sca-maven-plugin/maven-metadata.xml
[INFO] ------------------------------------------------------------------------
[INFO] BUILD FAILURE
[INFO] ------------------------------------------------------------------------
[INFO] Total time: 1.465s
[INFO] Finished at: Wed Feb 26 10:57:08 GMT 2020
[INFO] Final Memory: 7M/34M
[INFO] ------------------------------------------------------------------------
[ERROR] Error resolving version for plugin 'com.fortify.sca.plugins.maven:sca-maven-plugin' from the repositories [local (C:\Windows\system32\config\systemprofile\.m2\repository), central (https://repo1.maven.org/maven2)]: Plugin not found in any plugin repository -> [Help 1]
[ERROR] 
[ERROR] To see the full stack trace of the errors, re-run Maven with the -e switch.
[ERROR] Re-run Maven using the -X switch to enable full debug logging.
[ERROR] 
[ERROR] For more information about the errors and possible solutions, please read the following articles:
[ERROR] [Help 1] http://cwiki.apache.org/confluence/display/MAVEN/PluginVersionResolutionException


[2020-02-26 10:57:08.944 WARN  20213]
exit(1)
[2020-02-26 11:07:04.971 WARN  1102]
Compiler execution failed (exit code: 1).
[2020-02-26 11:07:04.971 WARN  20667]
Compiler Output:
[INFO] Scanning for projects...
[INFO] ------------------------------------------------------------------------
[INFO] BUILD FAILURE
[INFO] ------------------------------------------------------------------------
[INFO] Total time: 0.219s
[INFO] Finished at: Wed Feb 26 11:07:04 GMT 2020
[INFO] Final Memory: 5M/24M
[INFO] ------------------------------------------------------------------------
[ERROR] Error resolving version for plugin 'com.fortify.sca.plugins.maven:sca-maven-plugin' from the repositories [local (C:\Windows\system32\config\systemprofile\.m2\repository), central (https://repo1.maven.org/maven2)]: Plugin not found in any plugin repository -> [Help 1]
[ERROR] 
[ERROR] To see the full stack trace of the errors, re-run Maven with the -e switch.
[ERROR] Re-run Maven using the -X switch to enable full debug logging.
[ERROR] 
[ERROR] For more information about the errors and possible solutions, please read the following articles:
[ERROR] [Help 1] http://cwiki.apache.org/confluence/display/MAVEN/PluginVersionResolutionException


[2020-02-26 11:07:04.987 WARN  20213]
exit(1)
[2020-02-26 11:31:40.246 WARN  1102]
Compiler execution failed (exit code: 1).
[2020-02-26 11:31:40.246 WARN  20667]
Compiler Output:
[INFO] Scanning for projects...
[WARNING] 
[WARNING] Some problems were encountered while building the effective model for com.example:demo:jar:0.0.1-SNAPSHOT
[WARNING] 'build.plugins.plugin.version' for com.fortify.sca.plugins.maven:sca-maven-plugin is missing. @ line 64, column 17
[WARNING] 
[WARNING] It is highly recommended to fix these problems because they threaten the stability of your build.
[WARNING] 
[WARNING] For this reason, future Maven versions might no longer support building such malformed projects.
[WARNING] 
Downloading: https://repo1.maven.org/maven2/com/fortify/sca/plugins/maven/sca-maven-plugin-master/19.2.0/sca-maven-plugin-master-19.2.0.pom
[INFO] ------------------------------------------------------------------------
[INFO] BUILD FAILURE
[INFO] ------------------------------------------------------------------------
[INFO] Total time: 1.375s
[INFO] Finished at: Wed Feb 26 11:31:40 GMT 2020
[INFO] Final Memory: 7M/34M
[INFO] ------------------------------------------------------------------------
[ERROR] Error resolving version for plugin 'com.fortify.sca.plugins.maven:sca-maven-plugin' from the repositories [local (C:\Windows\system32\config\systemprofile\.m2\repository), central (https://repo1.maven.org/maven2)]: Plugin not found in any plugin repository -> [Help 1]
[ERROR] 
[ERROR] To see the full stack trace of the errors, re-run Maven with the -e switch.
[ERROR] Re-run Maven using the -X switch to enable full debug logging.
[ERROR] 
[ERROR] For more information about the errors and possible solutions, please read the following articles:
[ERROR] [Help 1] http://cwiki.apache.org/confluence/display/MAVEN/PluginVersionResolutionException


[2020-02-26 11:31:40.262 WARN  20213]
exit(1)
[2020-02-26 11:35:07.475 WARN  1102]
Compiler execution failed (exit code: 1).
[2020-02-26 11:35:07.491 WARN  20667]
Compiler Output:
[INFO] Scanning for projects...
[WARNING] 
[WARNING] Some problems were encountered while building the effective model for com.example:demo:jar:0.0.1-SNAPSHOT
[WARNING] 'build.plugins.plugin.version' for com.fortify.sca.plugins.maven:sca-maven-plugin is missing. @ line 64, column 17
[WARNING] 
[WARNING] It is highly recommended to fix these problems because they threaten the stability of your build.
[WARNING] 
[WARNING] For this reason, future Maven versions might no longer support building such malformed projects.
[WARNING] 
Downloading: https://repo1.maven.org/maven2/com/fortify/sca/plugins/maven/sca-maven-plugin-master/19.2.0/sca-maven-plugin-master-19.2.0.pom
[INFO] ------------------------------------------------------------------------
[INFO] BUILD FAILURE
[INFO] ------------------------------------------------------------------------
[INFO] Total time: 1.110s
[INFO] Finished at: Wed Feb 26 11:35:07 GMT 2020
[INFO] Final Memory: 7M/30M
[INFO] ------------------------------------------------------------------------
[ERROR] Error resolving version for plugin 'com.fortify.sca.plugins.maven:sca-maven-plugin' from the repositories [local (C:\Users\Administrator\.m2\repository), central (https://repo1.maven.org/maven2)]: Plugin not found in any plugin repository -> [Help 1]
[ERROR] 
[ERROR] To see the full stack trace of the errors, re-run Maven with the -e switch.
[ERROR] Re-run Maven using the -X switch to enable full debug logging.
[ERROR] 
[ERROR] For more information about the errors and possible solutions, please read the following articles:
[ERROR] [Help 1] http://cwiki.apache.org/confluence/display/MAVEN/PluginVersionResolutionException


[2020-02-26 11:35:07.506 WARN  20213]
exit(1)
[2020-02-26 11:37:46.194 WARN  1102]
Compiler execution failed (exit code: 1).
[2020-02-26 11:37:46.194 WARN  20667]
Compiler Output:
[INFO] Scanning for projects...
[INFO] ------------------------------------------------------------------------
[INFO] BUILD FAILURE
[INFO] ------------------------------------------------------------------------
[INFO] Total time: 0.203s
[INFO] Finished at: Wed Feb 26 11:37:46 GMT 2020
[INFO] Final Memory: 5M/24M
[INFO] ------------------------------------------------------------------------
[ERROR] Plugin com.fortify.sca.plugins.maven:sca-maven-plugin:19.2.0 or one of its dependencies could not be resolved: Failed to read artifact descriptor for com.fortify.sca.plugins.maven:sca-maven-plugin:jar:19.2.0: Failure to find com.fortify.sca.plugins.maven:sca-maven-plugin-master:pom:19.2.0 in https://repo1.maven.org/maven2 was cached in the local repository, resolution will not be reattempted until the update interval of central has elapsed or updates are forced -> [Help 1]
[ERROR] 
[ERROR] To see the full stack trace of the errors, re-run Maven with the -e switch.
[ERROR] Re-run Maven using the -X switch to enable full debug logging.
[ERROR] 
[ERROR] For more information about the errors and possible solutions, please read the following articles:
[ERROR] [Help 1] http://cwiki.apache.org/confluence/display/MAVEN/PluginResolutionException


[2020-02-26 11:37:46.210 WARN  20213]
exit(1)
[2020-02-26 11:42:35.159 WARN  1102]
Compiler execution failed (exit code: 1).
[2020-02-26 11:42:35.159 WARN  20667]
Compiler Output:
[INFO] Scanning for projects...
[INFO] ------------------------------------------------------------------------
[INFO] BUILD FAILURE
[INFO] ------------------------------------------------------------------------
[INFO] Total time: 0.063 s
[INFO] Finished at: 2020-02-26T11:42:35+00:00
[INFO] Final Memory: 5M/24M
[INFO] ------------------------------------------------------------------------
[ERROR] The goal you specified requires a project to execute but there is no POM in this directory (C:\Program Files\apache-maven-3.3.1\bin). Please verify you invoked Maven from the correct directory. -> [Help 1]
[ERROR] 
[ERROR] To see the full stack trace of the errors, re-run Maven with the -e switch.
[ERROR] Re-run Maven using the -X switch to enable full debug logging.
[ERROR] 
[ERROR] For more information about the errors and possible solutions, please read the following articles:
[ERROR] [Help 1] http://cwiki.apache.org/confluence/display/MAVEN/MissingProjectException


[2020-02-26 11:42:35.174 WARN  20213]
exit(1)
[2020-02-26 11:52:22.645 WARN  1102]
Compiler execution failed (exit code: 1).
[2020-02-26 11:52:22.645 WARN  20667]
Compiler Output:
[INFO] Scanning for projects...
[WARNING] The POM for com.fortify.sca.plugins.maven:sca-maven-plugin:jar:4.0.0 is missing, no dependency information available
[INFO] ------------------------------------------------------------------------
[INFO] BUILD FAILURE
[INFO] ------------------------------------------------------------------------
[INFO] Total time: 0.313s
[INFO] Finished at: Wed Feb 26 11:52:22 GMT 2020
[INFO] Final Memory: 5M/20M
[INFO] ------------------------------------------------------------------------
[ERROR] Plugin com.fortify.sca.plugins.maven:sca-maven-plugin:4.0.0 or one of its dependencies could not be resolved: Failed to read artifact descriptor for com.fortify.sca.plugins.maven:sca-maven-plugin:jar:4.0.0: Failure to find com.fortify.sca.plugins.maven:sca-maven-plugin:pom:4.0.0 in https://repo1.maven.org/maven2 was cached in the local repository, resolution will not be reattempted until the update interval of central has elapsed or updates are forced -> [Help 1]
[ERROR] 
[ERROR] To see the full stack trace of the errors, re-run Maven with the -e switch.
[ERROR] Re-run Maven using the -X switch to enable full debug logging.
[ERROR] 
[ERROR] For more information about the errors and possible solutions, please read the following articles:
[ERROR] [Help 1] http://cwiki.apache.org/confluence/display/MAVEN/PluginResolutionException


[2020-02-26 11:52:22.660 WARN  20213]
exit(1)
[2020-02-26 11:53:42.812 WARN  1102]
Compiler execution failed (exit code: 1).
[2020-02-26 11:53:42.812 WARN  20667]
Compiler Output:
[INFO] Scanning for projects...
[WARNING] The POM for com.fortify.sca.plugins.maven:sca-maven-plugin:jar:4.0.0 is missing, no dependency information available
[INFO] ------------------------------------------------------------------------
[INFO] BUILD FAILURE
[INFO] ------------------------------------------------------------------------
[INFO] Total time: 0.266s
[INFO] Finished at: Wed Feb 26 11:53:42 GMT 2020
[INFO] Final Memory: 5M/20M
[INFO] ------------------------------------------------------------------------
[ERROR] Plugin com.fortify.sca.plugins.maven:sca-maven-plugin:4.0.0 or one of its dependencies could not be resolved: Failed to read artifact descriptor for com.fortify.sca.plugins.maven:sca-maven-plugin:jar:4.0.0: Failure to find com.fortify.sca.plugins.maven:sca-maven-plugin:pom:4.0.0 in https://repo1.maven.org/maven2 was cached in the local repository, resolution will not be reattempted until the update interval of central has elapsed or updates are forced -> [Help 1]
[ERROR] 
[ERROR] To see the full stack trace of the errors, re-run Maven with the -e switch.
[ERROR] Re-run Maven using the -X switch to enable full debug logging.
[ERROR] 
[ERROR] For more information about the errors and possible solutions, please read the following articles:
[ERROR] [Help 1] http://cwiki.apache.org/confluence/display/MAVEN/PluginResolutionException


[2020-02-26 11:53:42.828 WARN  20213]
exit(1)
[2020-02-26 11:55:58.943 WARN  1102]
Compiler execution failed (exit code: 1).
[2020-02-26 11:55:58.959 WARN  20667]
Compiler Output:
[INFO] Scanning for projects...
[WARNING] The POM for com.fortify.sca.plugins.maven:sca-maven-plugin:jar:4.0.0 is missing, no dependency information available
[INFO] ------------------------------------------------------------------------
[INFO] BUILD FAILURE
[INFO] ------------------------------------------------------------------------
[INFO] Total time: 0.219s
[INFO] Finished at: Wed Feb 26 11:55:58 GMT 2020
[INFO] Final Memory: 5M/24M
[INFO] ------------------------------------------------------------------------
[ERROR] Plugin com.fortify.sca.plugins.maven:sca-maven-plugin:4.0.0 or one of its dependencies could not be resolved: Failed to read artifact descriptor for com.fortify.sca.plugins.maven:sca-maven-plugin:jar:4.0.0: Failure to find com.fortify.sca.plugins.maven:sca-maven-plugin:pom:4.0.0 in https://repo1.maven.org/maven2 was cached in the local repository, resolution will not be reattempted until the update interval of central has elapsed or updates are forced -> [Help 1]
[ERROR] 
[ERROR] To see the full stack trace of the errors, re-run Maven with the -e switch.
[ERROR] Re-run Maven using the -X switch to enable full debug logging.
[ERROR] 
[ERROR] For more information about the errors and possible solutions, please read the following articles:
[ERROR] [Help 1] http://cwiki.apache.org/confluence/display/MAVEN/PluginResolutionException


[2020-02-26 11:55:58.959 WARN  20213]
exit(1)
[2020-02-26 11:59:38.305 WARN  1102]
Compiler execution failed (exit code: 1).
[2020-02-26 11:59:38.305 WARN  20667]
Compiler Output:
[INFO] Scanning for projects...
[WARNING] The POM for com.fortify.sca.plugins.maven:sca-maven-plugin:jar:4.0.0 is missing, no dependency information available
Downloading: https://repo1.maven.org/maven2/com/fortify/sca/plugins/maven/sca-maven-plugin/4.0.0/sca-maven-plugin-4.0.0.jar
[INFO] ------------------------------------------------------------------------
[INFO] BUILD FAILURE
[INFO] ------------------------------------------------------------------------
[INFO] Total time: 1.075 s
[INFO] Finished at: 2020-02-26T11:59:38+00:00
[INFO] Final Memory: 11M/44M
[INFO] ------------------------------------------------------------------------
[ERROR] Plugin com.fortify.sca.plugins.maven:sca-maven-plugin:4.0.0 or one of its dependencies could not be resolved: Could not find artifact com.fortify.sca.plugins.maven:sca-maven-plugin:jar:4.0.0 in central (https://repo1.maven.org/maven2) -> [Help 1]
[ERROR] 
[ERROR] To see the full stack trace of the errors, re-run Maven with the -e switch.
[ERROR] Re-run Maven using the -X switch to enable full debug logging.
[ERROR] 
[ERROR] For more information about the errors and possible solutions, please read the following articles:
[ERROR] [Help 1] http://cwiki.apache.org/confluence/display/MAVEN/PluginResolutionException


[2020-02-26 11:59:38.320 WARN  20213]
exit(1)
[2020-02-26 12:02:28.362 WARN  1102]
Compiler execution failed (exit code: 1).
[2020-02-26 12:02:28.362 WARN  20667]
Compiler Output:
[INFO] Scanning for projects...
Downloading: https://repo1.maven.org/maven2/com/fortify/sca/plugins/maven/sca-maven-plugin/4.0.0/sca-maven-plugin-4.0.0.pom
[WARNING] The POM for com.fortify.sca.plugins.maven:sca-maven-plugin:jar:4.0.0 is missing, no dependency information available
Downloading: https://repo1.maven.org/maven2/com/fortify/sca/plugins/maven/sca-maven-plugin/4.0.0/sca-maven-plugin-4.0.0.jar
[INFO] ------------------------------------------------------------------------
[INFO] BUILD FAILURE
[INFO] ------------------------------------------------------------------------
[INFO] Total time: 1.354 s
[INFO] Finished at: 2020-02-26T12:02:28+00:00
[INFO] Final Memory: 11M/47M
[INFO] ------------------------------------------------------------------------
[ERROR] Plugin com.fortify.sca.plugins.maven:sca-maven-plugin:4.0.0 or one of its dependencies could not be resolved: Could not find artifact com.fortify.sca.plugins.maven:sca-maven-plugin:jar:4.0.0 in central (https://repo1.maven.org/maven2) -> [Help 1]
[ERROR] 
[ERROR] To see the full stack trace of the errors, re-run Maven with the -e switch.
[ERROR] Re-run Maven using the -X switch to enable full debug logging.
[ERROR] 
[ERROR] For more information about the errors and possible solutions, please read the following articles:
[ERROR] [Help 1] http://cwiki.apache.org/confluence/display/MAVEN/PluginResolutionException


[2020-02-26 12:02:28.377 WARN  20213]
exit(1)
[2020-02-26 12:03:30.760 WARN  1102]
Compiler execution failed (exit code: 1).
[2020-02-26 12:03:30.776 WARN  20667]
Compiler Output:
[INFO] Scanning for projects...
[WARNING] The POM for com.fortify.sca.plugins.maven:sca-maven-plugin:jar:4.0.0 is missing, no dependency information available
[INFO] ------------------------------------------------------------------------
[INFO] BUILD FAILURE
[INFO] ------------------------------------------------------------------------
[INFO] Total time: 0.297 s
[INFO] Finished at: 2020-02-26T12:03:30+00:00
[INFO] Final Memory: 8M/37M
[INFO] ------------------------------------------------------------------------
[ERROR] Plugin com.fortify.sca.plugins.maven:sca-maven-plugin:4.0.0 or one of its dependencies could not be resolved: Failure to find com.fortify.sca.plugins.maven:sca-maven-plugin:jar:4.0.0 in https://repo1.maven.org/maven2 was cached in the local repository, resolution will not be reattempted until the update interval of central has elapsed or updates are forced -> [Help 1]
[ERROR] 
[ERROR] To see the full stack trace of the errors, re-run Maven with the -e switch.
[ERROR] Re-run Maven using the -X switch to enable full debug logging.
[ERROR] 
[ERROR] For more information about the errors and possible solutions, please read the following articles:
[ERROR] [Help 1] http://cwiki.apache.org/confluence/display/MAVEN/PluginResolutionException


[2020-02-26 12:03:30.792 WARN  20213]
exit(1)
[2020-02-26 12:04:11.701 WARN  1102]
Compiler execution failed (exit code: 1).
[2020-02-26 12:04:11.701 WARN  20667]
Compiler Output:
[INFO] Scanning for projects...
[INFO] ------------------------------------------------------------------------
[INFO] BUILD FAILURE
[INFO] ------------------------------------------------------------------------
[INFO] Total time: 0.297 s
[INFO] Finished at: 2020-02-26T12:04:11+00:00
[INFO] Final Memory: 8M/34M
[INFO] ------------------------------------------------------------------------
[ERROR] Plugin com.fortify.sca.plugins.maven:sca-maven-plugin:19.2.0 or one of its dependencies could not be resolved: Failed to read artifact descriptor for com.fortify.sca.plugins.maven:sca-maven-plugin:jar:19.2.0: Failure to find com.fortify.sca.plugins.maven:sca-maven-plugin-master:pom:19.2.0 in https://repo1.maven.org/maven2 was cached in the local repository, resolution will not be reattempted until the update interval of central has elapsed or updates are forced -> [Help 1]
[ERROR] 
[ERROR] To see the full stack trace of the errors, re-run Maven with the -e switch.
[ERROR] Re-run Maven using the -X switch to enable full debug logging.
[ERROR] 
[ERROR] For more information about the errors and possible solutions, please read the following articles:
[ERROR] [Help 1] http://cwiki.apache.org/confluence/display/MAVEN/PluginResolutionException


[2020-02-26 12:04:11.717 WARN  20213]
exit(1)
[2020-02-27 08:51:29.380 WARN  1102]
Compiler execution failed (exit code: 1).
[2020-02-27 08:51:29.380 WARN  20667]
Compiler Output:
[INFO] Scanning for projects...
Downloading: https://repo1.maven.org/maven2/com/fortify/sca/plugins/maven/sca-maven-plugin/4.0.0/sca-maven-plugin-4.0.0.pom
[WARNING] The POM for com.fortify.sca.plugins.maven:sca-maven-plugin:jar:4.0.0 is missing, no dependency information available
Downloading: https://repo1.maven.org/maven2/com/fortify/sca/plugins/maven/sca-maven-plugin/4.0.0/sca-maven-plugin-4.0.0.jar
[INFO] ------------------------------------------------------------------------
[INFO] BUILD FAILURE
[INFO] ------------------------------------------------------------------------
[INFO] Total time: 1.859 s
[INFO] Finished at: 2020-02-27T08:51:29+00:00
[INFO] Final Memory: 11M/44M
[INFO] ------------------------------------------------------------------------
[ERROR] Plugin com.fortify.sca.plugins.maven:sca-maven-plugin:4.0.0 or one of its dependencies could not be resolved: Could not find artifact com.fortify.sca.plugins.maven:sca-maven-plugin:jar:4.0.0 in central (https://repo1.maven.org/maven2) -> [Help 1]
[ERROR] 
[ERROR] To see the full stack trace of the errors, re-run Maven with the -e switch.
[ERROR] Re-run Maven using the -X switch to enable full debug logging.
[ERROR] 
[ERROR] For more information about the errors and possible solutions, please read the following articles:
[ERROR] [Help 1] http://cwiki.apache.org/confluence/display/MAVEN/PluginResolutionException


[2020-02-27 08:51:29.396 WARN  20213]
exit(1)
[2020-02-27 08:54:38.997 WARN  1102]
Compiler execution failed (exit code: 1).
[2020-02-27 08:54:39.075 WARN  20667]
Compiler Output:
[INFO] Scanning for projects...
Downloading: https://repo1.maven.org/maven2/com/fortify/sca/plugins/maven/sca-maven-plugin/maven-metadata.xml
Downloading: https://repo1.maven.org/maven2/com/fortify/sca/plugins/maven/sca-maven-plugin-master/19.2.0/sca-maven-plugin-master-19.2.0.pom
[INFO] ------------------------------------------------------------------------
[INFO] BUILD FAILURE
[INFO] ------------------------------------------------------------------------
[INFO] Total time: 3.087 s
[INFO] Finished at: 2020-02-27T08:54:38+00:00
[INFO] Final Memory: 11M/44M
[INFO] ------------------------------------------------------------------------
[ERROR] Error resolving version for plugin 'com.fortify.sca.plugins.maven:sca-maven-plugin' from the repositories [local (C:\Users\Administrator\.m2\repository), central (https://repo1.maven.org/maven2)]: Plugin not found in any plugin repository -> [Help 1]
[ERROR] 
[ERROR] To see the full stack trace of the errors, re-run Maven with the -e switch.
[ERROR] Re-run Maven using the -X switch to enable full debug logging.
[ERROR] 
[ERROR] For more information about the errors and possible solutions, please read the following articles:
[ERROR] [Help 1] http://cwiki.apache.org/confluence/display/MAVEN/PluginVersionResolutionException


[2020-02-27 08:54:39.153 WARN  20213]
exit(1)
[2020-02-27 08:55:24.321 WARN  1102]
Compiler execution failed (exit code: 1).
[2020-02-27 08:55:24.337 WARN  20667]
Compiler Output:
[INFO] Scanning for projects...
[INFO] ------------------------------------------------------------------------
[INFO] BUILD FAILURE
[INFO] ------------------------------------------------------------------------
[INFO] Total time: 2.216 s
[INFO] Finished at: 2020-02-27T08:55:23+00:00
[INFO] Final Memory: 8M/34M
[INFO] ------------------------------------------------------------------------
[ERROR] Plugin com.fortify.sca.plugins.maven:sca-maven-plugin:19.2.0 or one of its dependencies could not be resolved: Failed to read artifact descriptor for com.fortify.sca.plugins.maven:sca-maven-plugin:jar:19.2.0: Failure to find com.fortify.sca.plugins.maven:sca-maven-plugin-master:pom:19.2.0 in https://repo1.maven.org/maven2 was cached in the local repository, resolution will not be reattempted until the update interval of central has elapsed or updates are forced -> [Help 1]
[ERROR] 
[ERROR] To see the full stack trace of the errors, re-run Maven with the -e switch.
[ERROR] Re-run Maven using the -X switch to enable full debug logging.
[ERROR] 
[ERROR] For more information about the errors and possible solutions, please read the following articles:
[ERROR] [Help 1] http://cwiki.apache.org/confluence/display/MAVEN/PluginResolutionException


[2020-02-27 08:55:24.406 WARN  20213]
exit(1)
[2020-02-27 08:57:21.195 ERROR 1420]
No valid input files were specified.  (Use the -scan option to analyze previously-built sources.)
[2020-02-27 08:57:21.289 WARN  20213]
exit(2)
[2020-02-27 09:02:12.433 ERROR 1420]
No valid input files were specified.  (Use the -scan option to analyze previously-built sources.)
[2020-02-27 09:02:12.529 WARN  20213]
exit(2)
[2020-02-27 09:03:34.350 ERROR 1420]
No valid input files were specified.  (Use the -scan option to analyze previously-built sources.)
[2020-02-27 09:03:34.444 WARN  20213]
exit(2)
[2020-02-27 09:07:30.101 INFO  1450]
Processing C:/Code/spring-boot-angular-example/server/src/main/java/com/example/demo/DemoApplication.java
[2020-02-27 09:07:31.539 INFO  1450]
Processing C:/Code/spring-boot-angular-example/server/src/main/java/com/example/demo/beer/Beer.java
[2020-02-27 09:07:31.654 INFO  1450]
Processing C:/Code/spring-boot-angular-example/server/src/main/java/com/example/demo/beer/BeerCommandLineRunner.java
[2020-02-27 09:07:31.794 INFO  1450]
Processing C:/Code/spring-boot-angular-example/server/src/main/java/com/example/demo/beer/BeerController.java
[2020-02-27 09:07:31.841 INFO  1450]
Processing C:/Code/spring-boot-angular-example/server/src/main/java/com/example/demo/beer/BeerRepository.java
[2020-02-27 09:07:31.872 INFO  1450]
Processing C:/Code/spring-boot-angular-example/server/src/test/java/com/example/demo/DemoApplicationTests.java
[2020-02-27 09:07:35.118 INFO  1451]
Analyzing 7 source file(s)
[2020-02-27 09:07:48.461 INFO  1455]
Configuration analysis complete
[2020-02-27 09:07:51.459 INFO  1458]
Rendering 3 results
[2020-02-27 09:07:52.939 INFO  1459]
Analysis completed in 00:16
[2020-02-27 10:29:31.914 INFO  1460]
Deleted intermediate files for Build ID 11
[2020-02-27 10:29:34.114 INFO  1450]
Processing C:/Code/spring-boot-angular-example/server/src/main/java/com/example/demo/DemoApplication.java
[2020-02-27 10:29:35.306 INFO  1450]
Processing C:/Code/spring-boot-angular-example/server/src/main/java/com/example/demo/beer/Beer.java
[2020-02-27 10:29:35.416 INFO  1450]
Processing C:/Code/spring-boot-angular-example/server/src/main/java/com/example/demo/beer/BeerCommandLineRunner.java
[2020-02-27 10:29:35.541 INFO  1450]
Processing C:/Code/spring-boot-angular-example/server/src/main/java/com/example/demo/beer/BeerController.java
[2020-02-27 10:29:35.588 INFO  1450]
Processing C:/Code/spring-boot-angular-example/server/src/main/java/com/example/demo/beer/BeerRepository.java
[2020-02-27 10:29:35.619 INFO  1450]
Processing C:/Code/spring-boot-angular-example/server/src/test/java/com/example/demo/DemoApplicationTests.java
[2020-02-27 10:29:38.938 INFO  1451]
Analyzing 7 source file(s)
[2020-02-27 10:29:53.001 INFO  1455]
Configuration analysis complete
[2020-02-27 10:29:55.852 INFO  1458]
Rendering 3 results
[2020-02-27 10:29:57.039 INFO  1459]
Analysis completed in 00:17
